mode: set
github.com/philiphil/restman/configuration/configuration.go:43.54,45.2 1 0
github.com/philiphil/restman/configuration/configuration.go:49.50,51.2 1 0
github.com/philiphil/restman/configuration/configuration.go:54.43,56.2 1 0
github.com/philiphil/restman/configuration/configuration.go:59.58,61.2 1 0
github.com/philiphil/restman/configuration/configuration.go:64.44,66.2 1 0
github.com/philiphil/restman/configuration/configuration.go:69.50,71.2 1 0
github.com/philiphil/restman/configuration/configuration.go:76.50,78.2 1 0
github.com/philiphil/restman/configuration/configuration.go:82.57,84.2 1 0
github.com/philiphil/restman/configuration/configuration.go:88.57,90.2 1 0
github.com/philiphil/restman/configuration/configuration.go:93.51,95.2 1 0
github.com/philiphil/restman/configuration/configuration.go:98.58,100.2 1 0
github.com/philiphil/restman/configuration/configuration.go:103.46,105.2 1 0
github.com/philiphil/restman/configuration/configuration.go:109.58,111.37 2 0
github.com/philiphil/restman/configuration/configuration.go:111.37,113.3 1 0
github.com/philiphil/restman/configuration/configuration.go:114.2,114.57 1 0
github.com/philiphil/restman/configuration/configuration.go:119.54,121.2 1 0
github.com/philiphil/restman/configuration/configuration.go:125.55,127.2 1 0
github.com/philiphil/restman/configuration/configuration.go:131.53,133.2 1 0
github.com/philiphil/restman/configuration/default_configuration.go:4.65,23.2 1 0
github.com/philiphil/restman/cache/cache.go:27.97,42.2 4 0
github.com/philiphil/restman/cache/cache.go:44.68,46.2 1 0
github.com/philiphil/restman/cache/cache.go:48.42,51.16 3 0
github.com/philiphil/restman/cache/cache.go:51.16,53.3 1 0
github.com/philiphil/restman/cache/cache.go:55.2,55.72 1 0
github.com/philiphil/restman/cache/cache.go:58.47,63.22 4 0
github.com/philiphil/restman/cache/cache.go:63.22,65.3 1 0
github.com/philiphil/restman/cache/cache.go:65.8,65.23 1 0
github.com/philiphil/restman/cache/cache.go:65.23,67.3 1 0
github.com/philiphil/restman/cache/cache.go:69.2,70.20 2 0
github.com/philiphil/restman/cache/cache.go:73.45,76.2 2 0
github.com/philiphil/restman/errors/apiError.go:16.34,18.2 1 0
github.com/philiphil/restman/errors/ormError.go:14.34,16.2 1 0
github.com/philiphil/restman/security/authorization.go:14.67,16.2 1 0
github.com/philiphil/restman/security/security_interfaces.go:16.54,19.2 2 0
github.com/philiphil/restman/security/security_interfaces.go:22.54,25.2 2 0
github.com/philiphil/restman/orm/entity/base_entity.go:19.32,21.2 1 0
github.com/philiphil/restman/orm/entity/base_entity.go:23.42,26.2 2 0
github.com/philiphil/restman/orm/entity/id.go:13.29,15.2 1 0
github.com/philiphil/restman/orm/entity/id.go:17.24,18.24 1 0
github.com/philiphil/restman/orm/entity/id.go:19.10,20.11 1 0
github.com/philiphil/restman/orm/entity/id.go:21.11,22.15 1 0
github.com/philiphil/restman/orm/entity/id.go:23.12,24.15 1 0
github.com/philiphil/restman/orm/entity/id.go:25.14,27.25 2 0
github.com/philiphil/restman/orm/entity/id.go:30.2,30.15 1 0
github.com/philiphil/restman/orm/gormrepository/gormrepository.go:14.99,18.2 1 0
github.com/philiphil/restman/orm/gormrepository/gormrepository.go:27.82,30.2 2 0
github.com/philiphil/restman/orm/gormrepository/gormrepository.go:31.83,34.2 2 0
github.com/philiphil/restman/orm/gormrepository/gormrepository.go:36.95,37.17 1 0
github.com/philiphil/restman/orm/gormrepository/gormrepository.go:37.17,39.3 1 0
github.com/philiphil/restman/orm/gormrepository/gormrepository.go:39.8,41.3 1 0
github.com/philiphil/restman/orm/gormrepository/gormrepository.go:42.2,42.10 1 0
github.com/philiphil/restman/orm/gormrepository/gormrepository.go:45.80,47.47 2 0
github.com/philiphil/restman/orm/gormrepository/gormrepository.go:47.47,49.3 1 0
github.com/philiphil/restman/orm/gormrepository/gormrepository.go:50.2,51.10 2 0
github.com/philiphil/restman/orm/gormrepository/gormrepository.go:54.77,59.16 4 0
github.com/philiphil/restman/orm/gormrepository/gormrepository.go:59.16,61.3 1 0
github.com/philiphil/restman/orm/gormrepository/gormrepository.go:63.2,64.12 2 0
github.com/philiphil/restman/orm/gormrepository/gormrepository.go:67.84,70.16 3 0
github.com/philiphil/restman/orm/gormrepository/gormrepository.go:70.16,72.3 1 0
github.com/philiphil/restman/orm/gormrepository/gormrepository.go:74.2,74.12 1 0
github.com/philiphil/restman/orm/gormrepository/gormrepository.go:77.77,82.16 4 0
github.com/philiphil/restman/orm/gormrepository/gormrepository.go:82.16,84.3 1 0
github.com/philiphil/restman/orm/gormrepository/gormrepository.go:86.2,87.12 2 0
github.com/philiphil/restman/orm/gormrepository/gormrepository.go:90.87,94.16 3 0
github.com/philiphil/restman/orm/gormrepository/gormrepository.go:94.16,96.3 1 0
github.com/philiphil/restman/orm/gormrepository/gormrepository.go:98.2,98.30 1 0
github.com/philiphil/restman/orm/gormrepository/gormrepository.go:101.104,103.2 1 0
github.com/philiphil/restman/orm/gormrepository/gormrepository.go:105.116,108.34 2 0
github.com/philiphil/restman/orm/gormrepository/gormrepository.go:108.34,109.27 1 0
github.com/philiphil/restman/orm/gormrepository/gormrepository.go:110.27,111.48 1 0
github.com/philiphil/restman/orm/gormrepository/gormrepository.go:112.11,113.63 1 0
github.com/philiphil/restman/orm/gormrepository/gormrepository.go:117.2,117.26 1 0
github.com/philiphil/restman/orm/gormrepository/gormrepository.go:117.26,118.27 1 0
github.com/philiphil/restman/orm/gormrepository/gormrepository.go:118.27,121.4 2 0
github.com/philiphil/restman/orm/gormrepository/gormrepository.go:122.3,122.46 1 0
github.com/philiphil/restman/orm/gormrepository/gormrepository.go:122.46,124.4 1 0
github.com/philiphil/restman/orm/gormrepository/gormrepository.go:126.2,126.18 1 0
github.com/philiphil/restman/orm/gormrepository/gormrepository.go:129.136,136.16 4 0
github.com/philiphil/restman/orm/gormrepository/gormrepository.go:136.16,138.3 1 0
github.com/philiphil/restman/orm/gormrepository/gormrepository.go:140.2,141.29 2 0
github.com/philiphil/restman/orm/gormrepository/gormrepository.go:141.29,143.3 1 0
github.com/philiphil/restman/orm/gormrepository/gormrepository.go:145.2,145.20 1 0
github.com/philiphil/restman/orm/gormrepository/gormrepository.go:148.106,150.2 1 0
github.com/philiphil/restman/orm/gormrepository/gormrepository.go:152.94,155.16 3 0
github.com/philiphil/restman/orm/gormrepository/gormrepository.go:155.16,157.3 1 0
github.com/philiphil/restman/orm/gormrepository/gormrepository.go:158.2,159.29 2 0
github.com/philiphil/restman/orm/gormrepository/gormrepository.go:159.29,162.3 2 0
github.com/philiphil/restman/orm/gormrepository/gormrepository.go:164.2,164.20 1 0
github.com/philiphil/restman/orm/gormrepository/gormrepository.go:167.88,170.16 3 0
github.com/philiphil/restman/orm/gormrepository/gormrepository.go:170.16,172.3 1 0
github.com/philiphil/restman/orm/gormrepository/gormrepository.go:173.2,173.12 1 0
github.com/philiphil/restman/orm/gormrepository/gormrepository.go:176.86,178.34 2 0
github.com/philiphil/restman/orm/gormrepository/gormrepository.go:178.34,180.3 1 0
github.com/philiphil/restman/orm/gormrepository/gormrepository.go:181.2,181.32 1 0
github.com/philiphil/restman/orm/gormrepository/gormrepository.go:184.86,186.34 2 0
github.com/philiphil/restman/orm/gormrepository/gormrepository.go:186.34,190.3 3 0
github.com/philiphil/restman/orm/gormrepository/gormrepository.go:192.2,192.67 1 0
github.com/philiphil/restman/orm/gormrepository/gormrepository.go:192.67,193.48 1 0
github.com/philiphil/restman/orm/gormrepository/gormrepository.go:193.48,195.4 1 0
github.com/philiphil/restman/orm/gormrepository/gormrepository.go:196.3,196.27 1 0
github.com/philiphil/restman/orm/gormrepository/gormrepository.go:196.27,198.4 1 0
github.com/philiphil/restman/orm/gormrepository/gormrepository.go:199.3,199.13 1 0
github.com/philiphil/restman/orm/gormrepository/gormrepository.go:203.86,205.34 2 0
github.com/philiphil/restman/orm/gormrepository/gormrepository.go:205.34,209.3 3 0
github.com/philiphil/restman/orm/gormrepository/gormrepository.go:211.2,211.67 1 0
github.com/philiphil/restman/orm/gormrepository/gormrepository.go:211.67,212.50 1 0
github.com/philiphil/restman/orm/gormrepository/gormrepository.go:212.50,214.4 1 0
github.com/philiphil/restman/orm/gormrepository/gormrepository.go:215.3,215.27 1 0
github.com/philiphil/restman/orm/gormrepository/gormrepository.go:215.27,217.4 1 0
github.com/philiphil/restman/orm/gormrepository/gormrepository.go:218.3,218.13 1 0
github.com/philiphil/restman/orm/gormrepository/gormrepository.go:222.48,224.2 1 0
github.com/philiphil/restman/orm/gormrepository/gormrepository.go:226.45,229.2 2 0
github.com/philiphil/restman/orm/gormrepository/rest_adaptater.go:9.60,11.2 1 0
github.com/philiphil/restman/orm/gormrepository/rest_adaptater.go:13.60,15.2 1 0
github.com/philiphil/restman/orm/gormrepository/rest_adaptater.go:17.68,19.2 1 0
github.com/philiphil/restman/orm/gormrepository/rest_adaptater.go:21.60,23.2 1 0
github.com/philiphil/restman/orm/gormrepository/rest_adaptater.go:25.98,27.26 2 0
github.com/philiphil/restman/orm/gormrepository/rest_adaptater.go:27.26,29.3 1 0
github.com/philiphil/restman/orm/gormrepository/rest_adaptater.go:30.2,30.84 1 0
github.com/philiphil/restman/orm/gormrepository/rest_adaptater.go:33.40,35.2 1 0
github.com/philiphil/restman/orm/gormrepository/rest_adaptater.go:37.61,41.2 3 0
github.com/philiphil/restman/orm/gormrepository/specification.go:18.46,21.40 2 0
github.com/philiphil/restman/orm/gormrepository/specification.go:21.40,23.3 1 0
github.com/philiphil/restman/orm/gormrepository/specification.go:25.2,25.64 1 0
github.com/philiphil/restman/orm/gormrepository/specification.go:28.46,31.40 2 0
github.com/philiphil/restman/orm/gormrepository/specification.go:31.40,33.3 1 0
github.com/philiphil/restman/orm/gormrepository/specification.go:35.2,35.15 1 0
github.com/philiphil/restman/orm/gormrepository/specification.go:38.57,43.2 1 0
github.com/philiphil/restman/orm/gormrepository/specification.go:45.56,50.2 1 0
github.com/philiphil/restman/orm/gormrepository/specification.go:56.45,58.2 1 0
github.com/philiphil/restman/orm/gormrepository/specification.go:60.53,64.2 1 0
github.com/philiphil/restman/orm/gormrepository/specification.go:72.59,74.2 1 0
github.com/philiphil/restman/orm/gormrepository/specification.go:76.59,78.2 1 0
github.com/philiphil/restman/orm/gormrepository/specification.go:80.56,86.2 1 0
github.com/philiphil/restman/orm/gormrepository/specification.go:88.69,94.2 1 0
github.com/philiphil/restman/orm/gormrepository/specification.go:96.72,102.2 1 0
github.com/philiphil/restman/orm/gormrepository/specification.go:104.66,110.2 1 0
github.com/philiphil/restman/orm/gormrepository/specification.go:112.69,118.2 1 0
github.com/philiphil/restman/orm/gormrepository/specification.go:120.55,126.2 1 0
github.com/philiphil/restman/orm/gormrepository/specification.go:128.55,134.2 1 0
github.com/philiphil/restman/orm/gormrepository/specification.go:136.56,142.2 1 0
github.com/philiphil/restman/orm/gormrepository/specification.go:146.48,148.2 1 0
github.com/philiphil/restman/orm/gormrepository/specification.go:150.48,152.2 1 0
github.com/philiphil/restman/orm/gormrepository/specification.go:154.41,156.2 1 0
github.com/philiphil/restman/orm/gormrepository/specification.go:157.44,159.2 1 0
github.com/philiphil/restman/orm/gormrepository/specification.go:166.47,168.2 1 0
github.com/philiphil/restman/orm/gormrepository/specification.go:170.47,172.2 1 0
github.com/philiphil/restman/orm/gormrepository/specification.go:174.60,179.2 1 0
github.com/philiphil/restman/orm/gormrepository/utils.go:3.56,5.45 2 0
github.com/philiphil/restman/orm/gormrepository/utils.go:5.45,10.23 2 0
github.com/philiphil/restman/orm/gormrepository/utils.go:10.23,12.4 1 0
github.com/philiphil/restman/orm/gormrepository/utils.go:14.3,14.40 1 0
github.com/philiphil/restman/orm/gormrepository/utils.go:17.2,17.15 1 0
github.com/philiphil/restman/orm/gormrepository_reflection/gormrepository_reflection.go:13.98,19.2 1 0
github.com/philiphil/restman/orm/gormrepository_reflection/gormrepository_reflection.go:30.70,33.2 2 0
github.com/philiphil/restman/orm/gormrepository_reflection/gormrepository_reflection.go:35.71,38.2 2 0
github.com/philiphil/restman/orm/gormrepository_reflection/gormrepository_reflection.go:40.83,41.17 1 0
github.com/philiphil/restman/orm/gormrepository_reflection/gormrepository_reflection.go:41.17,43.3 1 0
github.com/philiphil/restman/orm/gormrepository_reflection/gormrepository_reflection.go:43.8,45.3 1 0
github.com/philiphil/restman/orm/gormrepository_reflection/gormrepository_reflection.go:46.2,46.10 1 0
github.com/philiphil/restman/orm/gormrepository_reflection/gormrepository_reflection.go:49.77,51.47 2 0
github.com/philiphil/restman/orm/gormrepository_reflection/gormrepository_reflection.go:51.47,53.3 1 0
github.com/philiphil/restman/orm/gormrepository_reflection/gormrepository_reflection.go:54.2,55.10 2 0
github.com/philiphil/restman/orm/gormrepository_reflection/gormrepository_reflection.go:58.77,61.9 3 0
github.com/philiphil/restman/orm/gormrepository_reflection/gormrepository_reflection.go:61.9,62.57 1 0
github.com/philiphil/restman/orm/gormrepository_reflection/gormrepository_reflection.go:65.2,68.16 3 0
github.com/philiphil/restman/orm/gormrepository_reflection/gormrepository_reflection.go:68.16,70.3 1 0
github.com/philiphil/restman/orm/gormrepository_reflection/gormrepository_reflection.go:73.2,74.12 2 0
github.com/philiphil/restman/orm/gormrepository_reflection/gormrepository_reflection.go:77.78,80.16 3 0
github.com/philiphil/restman/orm/gormrepository_reflection/gormrepository_reflection.go:80.16,82.3 1 0
github.com/philiphil/restman/orm/gormrepository_reflection/gormrepository_reflection.go:83.2,83.12 1 0
github.com/philiphil/restman/orm/gormrepository_reflection/gormrepository_reflection.go:86.77,89.9 3 0
github.com/philiphil/restman/orm/gormrepository_reflection/gormrepository_reflection.go:89.9,90.57 1 0
github.com/philiphil/restman/orm/gormrepository_reflection/gormrepository_reflection.go:92.2,95.16 3 0
github.com/philiphil/restman/orm/gormrepository_reflection/gormrepository_reflection.go:95.16,97.3 1 0
github.com/philiphil/restman/orm/gormrepository_reflection/gormrepository_reflection.go:99.2,100.12 2 0
github.com/philiphil/restman/orm/gormrepository_reflection/gormrepository_reflection.go:103.83,107.16 3 0
github.com/philiphil/restman/orm/gormrepository_reflection/gormrepository_reflection.go:107.16,109.3 1 0
github.com/philiphil/restman/orm/gormrepository_reflection/gormrepository_reflection.go:111.2,112.9 2 0
github.com/philiphil/restman/orm/gormrepository_reflection/gormrepository_reflection.go:112.9,113.57 1 0
github.com/philiphil/restman/orm/gormrepository_reflection/gormrepository_reflection.go:115.2,115.32 1 0
github.com/philiphil/restman/orm/gormrepository_reflection/gormrepository_reflection.go:118.100,120.2 1 0
github.com/philiphil/restman/orm/gormrepository_reflection/gormrepository_reflection.go:122.110,125.34 2 0
github.com/philiphil/restman/orm/gormrepository_reflection/gormrepository_reflection.go:125.34,126.27 1 0
github.com/philiphil/restman/orm/gormrepository_reflection/gormrepository_reflection.go:127.27,128.48 1 0
github.com/philiphil/restman/orm/gormrepository_reflection/gormrepository_reflection.go:129.11,130.63 1 0
github.com/philiphil/restman/orm/gormrepository_reflection/gormrepository_reflection.go:134.2,134.26 1 0
github.com/philiphil/restman/orm/gormrepository_reflection/gormrepository_reflection.go:134.26,135.27 1 0
github.com/philiphil/restman/orm/gormrepository_reflection/gormrepository_reflection.go:135.27,139.4 2 0
github.com/philiphil/restman/orm/gormrepository_reflection/gormrepository_reflection.go:140.3,140.46 1 0
github.com/philiphil/restman/orm/gormrepository_reflection/gormrepository_reflection.go:140.46,142.4 1 0
github.com/philiphil/restman/orm/gormrepository_reflection/gormrepository_reflection.go:144.2,144.18 1 0
github.com/philiphil/restman/orm/gormrepository_reflection/gormrepository_reflection.go:147.132,154.16 4 0
github.com/philiphil/restman/orm/gormrepository_reflection/gormrepository_reflection.go:154.16,156.3 1 0
github.com/philiphil/restman/orm/gormrepository_reflection/gormrepository_reflection.go:158.2,160.41 3 0
github.com/philiphil/restman/orm/gormrepository_reflection/gormrepository_reflection.go:160.41,163.10 3 0
github.com/philiphil/restman/orm/gormrepository_reflection/gormrepository_reflection.go:163.10,164.58 1 0
github.com/philiphil/restman/orm/gormrepository_reflection/gormrepository_reflection.go:166.3,166.33 1 0
github.com/philiphil/restman/orm/gormrepository_reflection/gormrepository_reflection.go:169.2,169.20 1 0
github.com/philiphil/restman/orm/gormrepository_reflection/gormrepository_reflection.go:172.102,174.2 1 0
github.com/philiphil/restman/orm/gormrepository_reflection/gormrepository_reflection.go:176.89,179.16 3 0
github.com/philiphil/restman/orm/gormrepository_reflection/gormrepository_reflection.go:179.16,181.3 1 0
github.com/philiphil/restman/orm/gormrepository_reflection/gormrepository_reflection.go:183.2,185.41 3 0
github.com/philiphil/restman/orm/gormrepository_reflection/gormrepository_reflection.go:185.41,188.10 3 0
github.com/philiphil/restman/orm/gormrepository_reflection/gormrepository_reflection.go:188.10,189.58 1 0
github.com/philiphil/restman/orm/gormrepository_reflection/gormrepository_reflection.go:191.3,191.33 1 0
github.com/philiphil/restman/orm/gormrepository_reflection/gormrepository_reflection.go:193.2,193.20 1 0
github.com/philiphil/restman/orm/gormrepository_reflection/gormrepository_reflection.go:196.82,199.16 3 0
github.com/philiphil/restman/orm/gormrepository_reflection/gormrepository_reflection.go:199.16,201.3 1 0
github.com/philiphil/restman/orm/gormrepository_reflection/gormrepository_reflection.go:202.2,202.12 1 0
github.com/philiphil/restman/orm/gormrepository_reflection/gormrepository_reflection.go:205.81,207.29 2 0
github.com/philiphil/restman/orm/gormrepository_reflection/gormrepository_reflection.go:207.29,209.10 2 0
github.com/philiphil/restman/orm/gormrepository_reflection/gormrepository_reflection.go:209.10,210.68 1 0
github.com/philiphil/restman/orm/gormrepository_reflection/gormrepository_reflection.go:212.3,212.23 1 0
github.com/philiphil/restman/orm/gormrepository_reflection/gormrepository_reflection.go:214.2,214.32 1 0
github.com/philiphil/restman/orm/gormrepository_reflection/gormrepository_reflection.go:217.81,220.29 2 0
github.com/philiphil/restman/orm/gormrepository_reflection/gormrepository_reflection.go:220.29,223.10 3 0
github.com/philiphil/restman/orm/gormrepository_reflection/gormrepository_reflection.go:223.10,224.58 1 0
github.com/philiphil/restman/orm/gormrepository_reflection/gormrepository_reflection.go:226.3,227.37 2 0
github.com/philiphil/restman/orm/gormrepository_reflection/gormrepository_reflection.go:230.2,230.67 1 0
github.com/philiphil/restman/orm/gormrepository_reflection/gormrepository_reflection.go:230.67,231.64 1 0
github.com/philiphil/restman/orm/gormrepository_reflection/gormrepository_reflection.go:231.64,233.4 1 0
github.com/philiphil/restman/orm/gormrepository_reflection/gormrepository_reflection.go:234.3,234.27 1 0
github.com/philiphil/restman/orm/gormrepository_reflection/gormrepository_reflection.go:234.27,239.4 3 0
github.com/philiphil/restman/orm/gormrepository_reflection/gormrepository_reflection.go:240.3,240.13 1 0
github.com/philiphil/restman/orm/gormrepository_reflection/gormrepository_reflection.go:244.81,247.29 2 0
github.com/philiphil/restman/orm/gormrepository_reflection/gormrepository_reflection.go:247.29,250.10 3 0
github.com/philiphil/restman/orm/gormrepository_reflection/gormrepository_reflection.go:250.10,251.58 1 0
github.com/philiphil/restman/orm/gormrepository_reflection/gormrepository_reflection.go:253.3,254.37 2 0
github.com/philiphil/restman/orm/gormrepository_reflection/gormrepository_reflection.go:257.2,257.67 1 0
github.com/philiphil/restman/orm/gormrepository_reflection/gormrepository_reflection.go:257.67,258.66 1 0
github.com/philiphil/restman/orm/gormrepository_reflection/gormrepository_reflection.go:258.66,260.4 1 0
github.com/philiphil/restman/orm/gormrepository_reflection/gormrepository_reflection.go:261.3,261.27 1 0
github.com/philiphil/restman/orm/gormrepository_reflection/gormrepository_reflection.go:261.27,265.4 3 0
github.com/philiphil/restman/orm/gormrepository_reflection/gormrepository_reflection.go:266.3,266.13 1 0
github.com/philiphil/restman/orm/gormrepository_reflection/gormrepository_reflection.go:270.43,272.2 1 0
github.com/philiphil/restman/orm/gormrepository_reflection/gormrepository_reflection.go:274.42,277.2 1 0
github.com/philiphil/restman/orm/gormrepository_reflection/rest_adapter_reflection.go:10.55,12.2 1 0
github.com/philiphil/restman/orm/gormrepository_reflection/rest_adapter_reflection.go:14.55,16.2 1 0
github.com/philiphil/restman/orm/gormrepository_reflection/rest_adapter_reflection.go:18.63,20.2 1 0
github.com/philiphil/restman/orm/gormrepository_reflection/rest_adapter_reflection.go:22.55,24.2 1 0
github.com/philiphil/restman/orm/gormrepository_reflection/rest_adapter_reflection.go:26.94,28.26 2 0
github.com/philiphil/restman/orm/gormrepository_reflection/rest_adapter_reflection.go:28.26,30.3 1 0
github.com/philiphil/restman/orm/gormrepository_reflection/rest_adapter_reflection.go:31.2,31.85 1 0
github.com/philiphil/restman/orm/gormrepository_reflection/rest_adapter_reflection.go:34.36,36.2 1 0
github.com/philiphil/restman/orm/gormrepository_reflection/rest_adapter_reflection.go:38.55,43.2 3 0
github.com/philiphil/restman/orm/gormrepository_reflection/specification_reflection.go:19.46,22.40 2 0
github.com/philiphil/restman/orm/gormrepository_reflection/specification_reflection.go:22.40,24.3 1 0
github.com/philiphil/restman/orm/gormrepository_reflection/specification_reflection.go:26.2,26.64 1 0
github.com/philiphil/restman/orm/gormrepository_reflection/specification_reflection.go:29.46,32.40 2 0
github.com/philiphil/restman/orm/gormrepository_reflection/specification_reflection.go:32.40,34.3 1 0
github.com/philiphil/restman/orm/gormrepository_reflection/specification_reflection.go:36.2,36.15 1 0
github.com/philiphil/restman/orm/gormrepository_reflection/specification_reflection.go:39.57,44.2 1 0
github.com/philiphil/restman/orm/gormrepository_reflection/specification_reflection.go:46.56,51.2 1 0
github.com/philiphil/restman/orm/gormrepository_reflection/specification_reflection.go:57.45,59.2 1 0
github.com/philiphil/restman/orm/gormrepository_reflection/specification_reflection.go:61.53,65.2 1 0
github.com/philiphil/restman/orm/gormrepository_reflection/specification_reflection.go:76.56,78.2 1 0
github.com/philiphil/restman/orm/gormrepository_reflection/specification_reflection.go:80.56,82.2 1 0
github.com/philiphil/restman/orm/gormrepository_reflection/specification_reflection.go:84.51,90.2 1 0
github.com/philiphil/restman/orm/gormrepository_reflection/specification_reflection.go:92.57,98.2 1 0
github.com/philiphil/restman/orm/gormrepository_reflection/specification_reflection.go:100.60,106.2 1 0
github.com/philiphil/restman/orm/gormrepository_reflection/specification_reflection.go:108.54,114.2 1 0
github.com/philiphil/restman/orm/gormrepository_reflection/specification_reflection.go:116.57,122.2 1 0
github.com/philiphil/restman/orm/gormrepository_reflection/specification_reflection.go:124.50,130.2 1 0
github.com/philiphil/restman/orm/gormrepository_reflection/specification_reflection.go:132.50,138.2 1 0
github.com/philiphil/restman/orm/gormrepository_reflection/specification_reflection.go:140.51,146.2 1 0
github.com/philiphil/restman/orm/gormrepository_reflection/specification_reflection.go:150.48,152.2 1 0
github.com/philiphil/restman/orm/gormrepository_reflection/specification_reflection.go:154.48,156.2 1 0
github.com/philiphil/restman/orm/gormrepository_reflection/specification_reflection.go:158.41,160.2 1 0
github.com/philiphil/restman/orm/gormrepository_reflection/specification_reflection.go:161.44,163.2 1 0
github.com/philiphil/restman/orm/gormrepository_reflection/specification_reflection.go:170.47,172.2 1 0
github.com/philiphil/restman/orm/gormrepository_reflection/specification_reflection.go:174.47,176.2 1 0
github.com/philiphil/restman/orm/gormrepository_reflection/specification_reflection.go:178.60,183.2 1 0
github.com/philiphil/restman/orm/gormrepository_reflection/utils_reflection.go:3.56,5.45 2 0
github.com/philiphil/restman/orm/gormrepository_reflection/utils_reflection.go:5.45,10.23 2 0
github.com/philiphil/restman/orm/gormrepository_reflection/utils_reflection.go:10.23,12.4 1 0
github.com/philiphil/restman/orm/gormrepository_reflection/utils_reflection.go:14.3,14.40 1 0
github.com/philiphil/restman/orm/gormrepository_reflection/utils_reflection.go:17.2,17.15 1 0
github.com/philiphil/restman/router/apirouter.go:40.56,46.34 2 0
github.com/philiphil/restman/router/apirouter.go:46.34,48.27 2 0
github.com/philiphil/restman/router/apirouter.go:49.18,50.39 1 0
github.com/philiphil/restman/router/apirouter.go:51.38,52.16 1 0
github.com/philiphil/restman/router/apirouter.go:52.16,55.5 2 0
github.com/philiphil/restman/router/apirouter.go:56.36,57.13 1 0
github.com/philiphil/restman/router/apirouter.go:57.13,60.5 2 0
github.com/philiphil/restman/router/apirouter.go:61.18,62.39 1 0
github.com/philiphil/restman/router/apirouter.go:63.20,64.43 1 0
github.com/philiphil/restman/router/apirouter.go:65.21,66.45 1 0
github.com/philiphil/restman/router/apirouter.go:67.19,68.41 1 0
github.com/philiphil/restman/router/apirouter.go:69.22,71.40 2 0
github.com/philiphil/restman/router/apirouter.go:72.26,73.43 1 0
github.com/philiphil/restman/router/apirouter.go:74.25,75.41 1 0
github.com/philiphil/restman/router/apirouter.go:76.23,77.37 1 0
github.com/philiphil/restman/router/apirouter.go:78.22,78.22 0 0
github.com/philiphil/restman/router/apirouter.go:79.20,79.20 0 0
github.com/philiphil/restman/router/apirouter.go:80.24,80.24 0 0
github.com/philiphil/restman/router/apirouter.go:85.2,86.45 2 0
github.com/philiphil/restman/router/apirouter.go:86.45,88.3 1 0
github.com/philiphil/restman/router/apirouter.go:91.46,93.21 2 0
github.com/philiphil/restman/router/apirouter.go:93.21,95.3 1 0
github.com/philiphil/restman/router/apirouter.go:97.2,99.34 2 0
github.com/philiphil/restman/router/apirouter.go:99.34,100.32 1 0
github.com/philiphil/restman/router/apirouter.go:100.32,104.4 3 0
github.com/philiphil/restman/router/apirouter.go:107.2,107.22 1 0
github.com/philiphil/restman/router/apirouter.go:115.155,117.25 2 0
github.com/philiphil/restman/router/apirouter.go:117.25,118.35 1 0
github.com/philiphil/restman/router/apirouter.go:118.35,119.40 1 0
github.com/philiphil/restman/router/apirouter.go:119.40,121.15 2 0
github.com/philiphil/restman/router/apirouter.go:121.15,123.6 1 0
github.com/philiphil/restman/router/apirouter.go:127.2,127.12 1 0
github.com/philiphil/restman/router/apirouter.go:127.12,129.3 1 0
github.com/philiphil/restman/router/apirouter.go:131.2,131.25 1 0
github.com/philiphil/restman/router/apirouter.go:136.143,144.29 4 0
github.com/philiphil/restman/router/apirouter.go:144.29,145.48 1 0
github.com/philiphil/restman/router/apirouter.go:145.48,147.4 1 0
github.com/philiphil/restman/router/apirouter.go:148.3,148.43 1 0
github.com/philiphil/restman/router/apirouter.go:153.2,153.19 1 0
github.com/philiphil/restman/router/apirouter.go:153.19,155.3 1 0
github.com/philiphil/restman/router/apirouter.go:156.2,156.15 1 0
github.com/philiphil/restman/router/apirouter.go:159.33,161.2 1 0
github.com/philiphil/restman/router/apirouter.go:164.74,167.35 3 0
github.com/philiphil/restman/router/apirouter.go:167.35,169.3 1 0
github.com/philiphil/restman/router/apirouter.go:171.2,174.13 3 0
github.com/philiphil/restman/router/apirouter.go:177.67,179.2 1 0
github.com/philiphil/restman/router/apirouter.go:183.73,185.2 1 0
github.com/philiphil/restman/router/apirouter.go:188.52,191.2 2 0
github.com/philiphil/restman/router/apirouter.go:194.82,207.34 6 0
github.com/philiphil/restman/router/apirouter.go:207.34,208.27 1 0
github.com/philiphil/restman/router/apirouter.go:209.18,210.51 1 0
github.com/philiphil/restman/router/apirouter.go:211.38,212.16 1 0
github.com/philiphil/restman/router/apirouter.go:212.16,215.5 2 0
github.com/philiphil/restman/router/apirouter.go:216.36,217.13 1 0
github.com/philiphil/restman/router/apirouter.go:217.13,220.5 2 0
github.com/philiphil/restman/router/apirouter.go:221.18,222.51 1 0
github.com/philiphil/restman/router/apirouter.go:223.20,224.55 1 0
github.com/philiphil/restman/router/apirouter.go:225.21,226.57 1 0
github.com/philiphil/restman/router/apirouter.go:227.19,228.53 1 0
github.com/philiphil/restman/router/apirouter.go:229.22,231.40 2 0
github.com/philiphil/restman/router/apirouter.go:232.26,233.43 1 0
github.com/philiphil/restman/router/apirouter.go:234.25,235.41 1 0
github.com/philiphil/restman/router/apirouter.go:236.23,237.37 1 0
github.com/philiphil/restman/router/apirouter.go:238.22,238.22 0 0
github.com/philiphil/restman/router/apirouter.go:239.20,239.20 0 0
github.com/philiphil/restman/router/apirouter.go:240.24,240.24 0 0
github.com/philiphil/restman/router/apirouter.go:245.2,245.37 1 0
github.com/philiphil/restman/router/apirouter.go:245.37,247.3 1 0
github.com/philiphil/restman/router/batchDelete.go:9.52,12.24 3 0
github.com/philiphil/restman/router/batchDelete.go:12.24,14.3 1 0
github.com/philiphil/restman/router/batchDelete.go:15.2,16.16 2 0
github.com/philiphil/restman/router/batchDelete.go:16.16,19.3 2 0
github.com/philiphil/restman/router/batchDelete.go:20.2,20.33 1 0
github.com/philiphil/restman/router/batchDelete.go:20.33,21.50 1 0
github.com/philiphil/restman/router/batchDelete.go:21.50,24.4 2 0
github.com/philiphil/restman/router/batchDelete.go:26.2,27.16 2 0
github.com/philiphil/restman/router/batchDelete.go:27.16,30.3 2 0
github.com/philiphil/restman/router/batchDelete.go:32.2,32.18 1 0
github.com/philiphil/restman/router/batchGet.go:16.76,18.44 1 0
github.com/philiphil/restman/router/batchGet.go:18.44,20.3 1 0
github.com/philiphil/restman/router/batchGet.go:21.2,21.43 1 0
github.com/philiphil/restman/router/batchGet.go:21.43,23.3 1 0
github.com/philiphil/restman/router/batchGet.go:25.2,28.51 4 0
github.com/philiphil/restman/router/batchGet.go:28.51,30.3 1 0
github.com/philiphil/restman/router/batchGet.go:31.2,31.12 1 0
github.com/philiphil/restman/router/batchGet.go:31.12,33.3 1 0
github.com/philiphil/restman/router/batchGet.go:34.2,34.22 1 0
github.com/philiphil/restman/router/batchGet.go:37.58,39.26 2 0
github.com/philiphil/restman/router/batchGet.go:39.26,41.3 1 0
github.com/philiphil/restman/router/batchGet.go:41.8,43.3 1 0
github.com/philiphil/restman/router/batchGet.go:46.56,50.57 4 0
github.com/philiphil/restman/router/batchGet.go:50.57,52.3 1 0
github.com/philiphil/restman/router/batchGet.go:54.2,55.70 2 0
github.com/philiphil/restman/router/batchGet.go:55.70,57.3 1 0
github.com/philiphil/restman/router/batchGet.go:58.2,58.18 1 0
github.com/philiphil/restman/router/batchGet.go:61.49,65.30 3 0
github.com/philiphil/restman/router/batchGet.go:65.30,67.3 1 0
github.com/philiphil/restman/router/batchGet.go:68.2,69.16 2 0
github.com/philiphil/restman/router/batchGet.go:69.16,72.3 2 0
github.com/philiphil/restman/router/batchGet.go:73.2,73.33 1 0
github.com/philiphil/restman/router/batchGet.go:73.33,75.17 2 0
github.com/philiphil/restman/router/batchGet.go:75.17,78.4 2 0
github.com/philiphil/restman/router/batchGet.go:81.2,82.16 2 0
github.com/philiphil/restman/router/batchGet.go:82.16,85.3 2 0
github.com/philiphil/restman/router/batchGet.go:87.2,88.16 2 0
github.com/philiphil/restman/router/batchGet.go:88.16,91.3 2 0
github.com/philiphil/restman/router/batchGet.go:93.2,97.4 1 0
github.com/philiphil/restman/router/batchPatch.go:11.51,13.64 2 0
github.com/philiphil/restman/router/batchPatch.go:13.64,17.3 2 0
github.com/philiphil/restman/router/batchPatch.go:17.8,17.31 1 0
github.com/philiphil/restman/router/batchPatch.go:17.31,21.3 2 0
github.com/philiphil/restman/router/batchPatch.go:22.2,24.29 3 0
github.com/philiphil/restman/router/batchPatch.go:24.29,25.36 1 0
github.com/philiphil/restman/router/batchPatch.go:25.36,27.4 1 0
github.com/philiphil/restman/router/batchPatch.go:27.9,31.4 2 0
github.com/philiphil/restman/router/batchPatch.go:34.2,35.16 2 0
github.com/philiphil/restman/router/batchPatch.go:35.16,37.36 1 0
github.com/philiphil/restman/router/batchPatch.go:37.36,40.4 2 0
github.com/philiphil/restman/router/batchPatch.go:40.9,43.4 1 0
github.com/philiphil/restman/router/batchPatch.go:46.2,46.79 1 0
github.com/philiphil/restman/router/batchPatch.go:46.79,47.41 1 0
github.com/philiphil/restman/router/batchPatch.go:47.41,48.47 1 0
github.com/philiphil/restman/router/batchPatch.go:48.47,51.5 2 0
github.com/philiphil/restman/router/batchPatch.go:53.8,57.3 2 0
github.com/philiphil/restman/router/batchPatch.go:59.2,59.75 1 0
github.com/philiphil/restman/router/batchPatch.go:59.75,63.3 2 0
github.com/philiphil/restman/router/batchPatch.go:65.2,65.61 1 0
github.com/philiphil/restman/router/batchPatch.go:65.61,68.3 2 0
github.com/philiphil/restman/router/batchPatch.go:69.2,70.16 2 0
github.com/philiphil/restman/router/batchPatch.go:70.16,73.3 2 0
github.com/philiphil/restman/router/batchPatch.go:75.2,76.16 2 0
github.com/philiphil/restman/router/batchPatch.go:76.16,79.3 2 0
github.com/philiphil/restman/router/batchPatch.go:81.2,85.4 1 0
github.com/philiphil/restman/router/batchPut.go:11.49,13.64 2 0
github.com/philiphil/restman/router/batchPut.go:13.64,17.3 2 0
github.com/philiphil/restman/router/batchPut.go:17.8,17.31 1 0
github.com/philiphil/restman/router/batchPut.go:17.31,21.3 2 0
github.com/philiphil/restman/router/batchPut.go:25.2,27.29 3 0
github.com/philiphil/restman/router/batchPut.go:27.29,28.36 1 0
github.com/philiphil/restman/router/batchPut.go:28.36,30.4 1 0
github.com/philiphil/restman/router/batchPut.go:30.9,34.4 2 0
github.com/philiphil/restman/router/batchPut.go:37.2,38.16 2 0
github.com/philiphil/restman/router/batchPut.go:38.16,40.36 1 0
github.com/philiphil/restman/router/batchPut.go:40.36,43.4 2 0
github.com/philiphil/restman/router/batchPut.go:46.2,46.34 1 0
github.com/philiphil/restman/router/batchPut.go:46.34,47.41 1 0
github.com/philiphil/restman/router/batchPut.go:47.41,48.47 1 0
github.com/philiphil/restman/router/batchPut.go:48.47,51.5 2 0
github.com/philiphil/restman/router/batchPut.go:55.2,55.50 1 0
github.com/philiphil/restman/router/batchPut.go:55.50,58.3 2 0
github.com/philiphil/restman/router/batchPut.go:59.2,60.16 2 0
github.com/philiphil/restman/router/batchPut.go:60.16,63.3 2 0
github.com/philiphil/restman/router/batchPut.go:65.2,66.16 2 0
github.com/philiphil/restman/router/batchPut.go:66.16,69.3 2 0
github.com/philiphil/restman/router/batchPut.go:71.2,75.4 1 0
github.com/philiphil/restman/router/caching.go:10.77,13.80 3 0
github.com/philiphil/restman/router/caching.go:13.80,15.3 1 0
github.com/philiphil/restman/router/caching.go:17.2,19.43 2 0
github.com/philiphil/restman/router/caching.go:19.43,22.3 2 0
github.com/philiphil/restman/router/delete.go:8.47,11.16 3 0
github.com/philiphil/restman/router/delete.go:11.16,14.3 2 0
github.com/philiphil/restman/router/delete.go:15.2,15.49 1 0
github.com/philiphil/restman/router/delete.go:15.49,18.3 2 0
github.com/philiphil/restman/router/delete.go:19.2,19.44 1 0
github.com/philiphil/restman/router/delete.go:19.44,22.3 2 0
github.com/philiphil/restman/router/delete.go:23.2,23.18 1 0
github.com/philiphil/restman/router/get.go:10.44,12.16 2 0
github.com/philiphil/restman/router/get.go:12.16,15.3 2 0
github.com/philiphil/restman/router/get.go:17.2,18.16 2 0
github.com/philiphil/restman/router/get.go:18.16,21.3 2 0
github.com/philiphil/restman/router/get.go:23.2,24.16 2 0
github.com/philiphil/restman/router/get.go:24.16,27.3 2 0
github.com/philiphil/restman/router/get.go:29.2,30.16 2 0
github.com/philiphil/restman/router/get.go:30.16,33.3 2 0
github.com/philiphil/restman/router/get.go:35.2,39.4 1 0
github.com/philiphil/restman/router/getList.go:15.74,17.16 2 0
github.com/philiphil/restman/router/getList.go:17.16,19.3 1 0
github.com/philiphil/restman/router/getList.go:20.2,21.16 2 0
github.com/philiphil/restman/router/getList.go:21.16,23.3 1 0
github.com/philiphil/restman/router/getList.go:24.2,25.16 2 0
github.com/philiphil/restman/router/getList.go:25.16,27.3 1 0
github.com/philiphil/restman/router/getList.go:28.2,29.16 2 0
github.com/philiphil/restman/router/getList.go:29.16,31.3 1 0
github.com/philiphil/restman/router/getList.go:32.2,32.45 1 0
github.com/philiphil/restman/router/getList.go:32.45,34.3 1 0
github.com/philiphil/restman/router/getList.go:35.2,36.16 2 0
github.com/philiphil/restman/router/getList.go:36.16,38.3 1 0
github.com/philiphil/restman/router/getList.go:39.2,39.99 1 0
github.com/philiphil/restman/router/getList.go:42.61,44.16 2 0
github.com/philiphil/restman/router/getList.go:44.16,46.3 1 0
github.com/philiphil/restman/router/getList.go:47.2,48.16 2 0
github.com/philiphil/restman/router/getList.go:48.16,50.3 1 0
github.com/philiphil/restman/router/getList.go:51.2,51.22 1 0
github.com/philiphil/restman/router/getList.go:54.68,56.16 2 0
github.com/philiphil/restman/router/getList.go:56.16,58.3 1 0
github.com/philiphil/restman/router/getList.go:59.2,60.16 2 0
github.com/philiphil/restman/router/getList.go:60.16,62.3 1 0
github.com/philiphil/restman/router/getList.go:63.2,64.16 2 0
github.com/philiphil/restman/router/getList.go:64.16,66.3 1 0
github.com/philiphil/restman/router/getList.go:67.2,68.16 2 0
github.com/philiphil/restman/router/getList.go:68.16,70.3 1 0
github.com/philiphil/restman/router/getList.go:71.2,72.39 2 0
github.com/philiphil/restman/router/getList.go:72.39,74.3 1 0
github.com/philiphil/restman/router/getList.go:75.2,75.25 1 0
github.com/philiphil/restman/router/getList.go:78.80,82.16 3 0
github.com/philiphil/restman/router/getList.go:82.16,84.3 1 0
github.com/philiphil/restman/router/getList.go:85.2,86.21 2 0
github.com/philiphil/restman/router/getList.go:86.21,88.3 1 0
github.com/philiphil/restman/router/getList.go:91.2,92.16 2 0
github.com/philiphil/restman/router/getList.go:92.16,94.3 1 0
github.com/philiphil/restman/router/getList.go:96.2,96.55 1 0
github.com/philiphil/restman/router/getList.go:96.55,97.41 1 0
github.com/philiphil/restman/router/getList.go:97.41,99.4 1 0
github.com/philiphil/restman/router/getList.go:102.2,102.14 1 0
github.com/philiphil/restman/router/getList.go:102.14,104.3 1 0
github.com/philiphil/restman/router/getList.go:107.2,108.16 2 0
github.com/philiphil/restman/router/getList.go:108.16,110.3 1 0
github.com/philiphil/restman/router/getList.go:111.2,112.16 2 0
github.com/philiphil/restman/router/getList.go:112.16,114.3 1 0
github.com/philiphil/restman/router/getList.go:116.2,117.40 2 0
github.com/philiphil/restman/router/getList.go:117.40,119.90 2 0
github.com/philiphil/restman/router/getList.go:119.90,121.4 1 0
github.com/philiphil/restman/router/getList.go:122.3,122.28 1 0
github.com/philiphil/restman/router/getList.go:124.2,124.26 1 0
github.com/philiphil/restman/router/getList.go:124.26,126.3 1 0
github.com/philiphil/restman/router/getList.go:128.2,128.24 1 0
github.com/philiphil/restman/router/getList.go:131.48,133.16 2 0
github.com/philiphil/restman/router/getList.go:133.16,136.3 2 0
github.com/philiphil/restman/router/getList.go:137.2,138.16 2 0
github.com/philiphil/restman/router/getList.go:138.16,141.3 2 0
github.com/philiphil/restman/router/getList.go:142.2,143.16 2 0
github.com/philiphil/restman/router/getList.go:143.16,146.3 2 0
github.com/philiphil/restman/router/getList.go:147.2,148.16 2 0
github.com/philiphil/restman/router/getList.go:148.16,151.3 2 0
github.com/philiphil/restman/router/getList.go:153.2,154.16 2 0
github.com/philiphil/restman/router/getList.go:154.16,157.3 2 0
github.com/philiphil/restman/router/getList.go:159.2,160.16 2 0
github.com/philiphil/restman/router/getList.go:160.16,163.3 2 0
github.com/philiphil/restman/router/getList.go:165.2,166.14 2 0
github.com/philiphil/restman/router/getList.go:166.14,168.17 2 0
github.com/philiphil/restman/router/getList.go:168.17,171.4 2 0
github.com/philiphil/restman/router/getList.go:172.3,173.17 2 0
github.com/philiphil/restman/router/getList.go:173.17,176.4 2 0
github.com/philiphil/restman/router/getList.go:177.3,178.34 2 0
github.com/philiphil/restman/router/getList.go:178.34,180.4 1 0
github.com/philiphil/restman/router/getList.go:182.3,182.38 1 0
github.com/philiphil/restman/router/getList.go:182.38,192.4 2 0
github.com/philiphil/restman/router/getList.go:193.8,195.17 2 0
github.com/philiphil/restman/router/getList.go:195.17,197.4 1 0
github.com/philiphil/restman/router/getList.go:200.2,205.5 1 0
github.com/philiphil/restman/router/head.go:13.45,15.16 2 0
github.com/philiphil/restman/router/head.go:15.16,18.3 2 0
github.com/philiphil/restman/router/head.go:19.2,20.16 2 0
github.com/philiphil/restman/router/head.go:20.16,23.3 2 0
github.com/philiphil/restman/router/head.go:24.2,27.16 3 0
github.com/philiphil/restman/router/head.go:27.16,30.3 2 0
github.com/philiphil/restman/router/head.go:31.2,32.16 2 0
github.com/philiphil/restman/router/head.go:32.16,35.3 2 0
github.com/philiphil/restman/router/head.go:36.2,38.15 3 0
github.com/philiphil/restman/router/header.go:17.68,18.24 1 0
github.com/philiphil/restman/router/header.go:18.24,20.3 1 0
github.com/philiphil/restman/router/header.go:21.2,24.39 3 0
github.com/philiphil/restman/router/header.go:24.39,29.34 4 0
github.com/philiphil/restman/router/header.go:29.34,30.50 1 0
github.com/philiphil/restman/router/header.go:30.50,32.19 2 0
github.com/philiphil/restman/router/header.go:32.19,34.6 1 0
github.com/philiphil/restman/router/header.go:39.2,39.50 1 0
github.com/philiphil/restman/router/header.go:39.50,40.61 1 0
github.com/philiphil/restman/router/header.go:40.61,42.4 1 0
github.com/philiphil/restman/router/header.go:43.3,43.63 1 0
github.com/philiphil/restman/router/header.go:46.2,47.44 2 0
github.com/philiphil/restman/router/header.go:47.44,49.93 2 0
github.com/philiphil/restman/router/header.go:49.93,51.4 1 0
github.com/philiphil/restman/router/header.go:51.9,51.37 1 0
github.com/philiphil/restman/router/header.go:51.37,53.4 1 0
github.com/philiphil/restman/router/header.go:55.2,55.50 1 0
github.com/philiphil/restman/router/header.go:58.52,59.15 1 0
github.com/philiphil/restman/router/header.go:59.15,61.3 1 0
github.com/philiphil/restman/router/header.go:62.2,62.55 1 0
github.com/philiphil/restman/router/header.go:62.55,64.3 1 0
github.com/philiphil/restman/router/header.go:65.2,65.52 1 0
github.com/philiphil/restman/router/header.go:65.52,67.3 1 0
github.com/philiphil/restman/router/header.go:68.2,68.51 1 0
github.com/philiphil/restman/router/header.go:68.51,70.3 1 0
github.com/philiphil/restman/router/header.go:71.2,71.51 1 0
github.com/philiphil/restman/router/header.go:71.51,73.3 1 0
github.com/philiphil/restman/router/header.go:74.2,74.23 1 0
github.com/philiphil/restman/router/json_ld_collection.go:8.135,20.27 10 0
github.com/philiphil/restman/router/json_ld_collection.go:20.27,21.18 1 0
github.com/philiphil/restman/router/json_ld_collection.go:21.18,23.4 1 0
github.com/philiphil/restman/router/json_ld_collection.go:25.2,27.22 2 0
github.com/philiphil/restman/router/json_ld_collection.go:27.22,29.3 1 0
github.com/philiphil/restman/router/json_ld_collection.go:30.2,30.27 1 0
github.com/philiphil/restman/router/json_ld_collection.go:30.27,32.3 1 0
github.com/philiphil/restman/router/json_ld_collection.go:34.2,39.10 4 0
github.com/philiphil/restman/router/json_ld_collection.go:42.27,45.25 2 0
github.com/philiphil/restman/router/json_ld_collection.go:45.25,46.14 1 0
github.com/philiphil/restman/router/json_ld_collection.go:46.14,48.4 1 0
github.com/philiphil/restman/router/json_ld_collection.go:51.2,51.12 1 0
github.com/philiphil/restman/router/options.go:8.48,10.34 2 0
github.com/philiphil/restman/router/options.go:10.34,11.27 1 0
github.com/philiphil/restman/router/options.go:12.22,12.22 0 0
github.com/philiphil/restman/router/options.go:13.26,13.26 0 0
github.com/philiphil/restman/router/options.go:14.25,14.25 0 0
github.com/philiphil/restman/router/options.go:15.23,15.23 0 0
github.com/philiphil/restman/router/options.go:16.23,16.23 0 0
github.com/philiphil/restman/router/options.go:17.24,17.24 0 0
github.com/philiphil/restman/router/options.go:18.11,19.24 1 0
github.com/philiphil/restman/router/options.go:19.24,21.5 1 0
github.com/philiphil/restman/router/options.go:22.4,22.40 1 0
github.com/philiphil/restman/router/options.go:25.2,27.15 3 0
github.com/philiphil/restman/router/patch.go:9.46,12.16 3 0
github.com/philiphil/restman/router/patch.go:12.16,15.3 2 0
github.com/philiphil/restman/router/patch.go:17.2,17.46 1 0
github.com/philiphil/restman/router/patch.go:17.46,20.3 2 0
github.com/philiphil/restman/router/patch.go:21.2,21.55 1 0
github.com/philiphil/restman/router/patch.go:21.55,24.3 2 0
github.com/philiphil/restman/router/patch.go:25.2,30.16 6 0
github.com/philiphil/restman/router/patch.go:30.16,33.3 2 0
github.com/philiphil/restman/router/patch.go:35.2,35.18 1 0
github.com/philiphil/restman/router/post.go:10.45,15.51 4 0
github.com/philiphil/restman/router/post.go:15.51,18.3 2 0
github.com/philiphil/restman/router/post.go:20.2,20.60 1 0
github.com/philiphil/restman/router/post.go:20.60,22.45 1 0
github.com/philiphil/restman/router/post.go:22.45,23.66 1 0
github.com/philiphil/restman/router/post.go:23.66,27.5 2 0
github.com/philiphil/restman/router/post.go:27.10,29.5 1 0
github.com/philiphil/restman/router/post.go:30.9,34.4 2 0
github.com/philiphil/restman/router/post.go:35.8,37.3 1 0
github.com/philiphil/restman/router/post.go:39.2,39.50 1 0
github.com/philiphil/restman/router/post.go:39.50,42.3 2 0
github.com/philiphil/restman/router/post.go:43.2,44.16 2 0
github.com/philiphil/restman/router/post.go:44.16,47.3 2 0
github.com/philiphil/restman/router/post.go:49.2,50.16 2 0
github.com/philiphil/restman/router/post.go:50.16,53.3 2 0
github.com/philiphil/restman/router/post.go:55.2,55.12 1 0
github.com/philiphil/restman/router/post.go:55.12,61.3 1 0
github.com/philiphil/restman/router/post.go:61.8,68.3 1 0
github.com/philiphil/restman/router/put.go:9.44,12.16 3 0
github.com/philiphil/restman/router/put.go:12.16,15.3 2 0
github.com/philiphil/restman/router/put.go:17.2,17.46 1 0
github.com/philiphil/restman/router/put.go:17.46,20.3 2 0
github.com/philiphil/restman/router/put.go:22.2,22.55 1 0
github.com/philiphil/restman/router/put.go:22.55,25.3 2 0
github.com/philiphil/restman/router/put.go:27.2,33.16 6 0
github.com/philiphil/restman/router/put.go:33.16,36.3 2 0
github.com/philiphil/restman/router/put.go:38.2,38.18 1 0
github.com/philiphil/restman/router/renderer.go:24.71,28.16 4 0
github.com/philiphil/restman/router/renderer.go:28.16,30.3 1 0
github.com/philiphil/restman/router/renderer.go:31.2,32.12 2 0
github.com/philiphil/restman/router/renderer.go:36.69,37.18 1 0
github.com/philiphil/restman/router/renderer.go:38.19,39.39 1 0
github.com/philiphil/restman/router/renderer.go:40.21,41.41 1 0
github.com/philiphil/restman/router/renderer.go:42.18,42.18 0 0
github.com/philiphil/restman/router/renderer.go:44.18,44.18 0 0
github.com/philiphil/restman/router/renderer.go:49.62,51.50 2 0
github.com/philiphil/restman/router/renderer.go:51.50,53.3 1 0
github.com/philiphil/restman/router/security.go:9.77,12.39 3 0
github.com/philiphil/restman/router/security.go:12.39,14.17 2 0
github.com/philiphil/restman/router/security.go:14.17,15.38 1 0
github.com/philiphil/restman/router/security.go:15.38,17.5 1 0
github.com/philiphil/restman/router/security.go:17.10,18.13 1 0
github.com/philiphil/restman/router/security.go:20.9,22.4 1 0
github.com/philiphil/restman/router/security.go:24.2,24.18 1 0
github.com/philiphil/restman/router/security.go:27.70,29.16 2 0
github.com/philiphil/restman/router/security.go:29.16,31.3 1 0
github.com/philiphil/restman/router/security.go:32.2,33.8 2 0
github.com/philiphil/restman/router/security.go:33.8,35.27 2 0
github.com/philiphil/restman/router/security.go:35.27,37.4 1 0
github.com/philiphil/restman/router/security.go:40.2,40.12 1 0
github.com/philiphil/restman/router/security.go:43.70,45.16 2 0
github.com/philiphil/restman/router/security.go:45.16,47.3 1 0
github.com/philiphil/restman/router/security.go:48.2,49.8 2 0
github.com/philiphil/restman/router/security.go:49.8,51.27 2 0
github.com/philiphil/restman/router/security.go:51.27,53.4 1 0
github.com/philiphil/restman/router/security.go:56.2,56.12 1 0
github.com/philiphil/restman/router/unserialize_body.go:12.65,16.16 4 0
github.com/philiphil/restman/router/unserialize_body.go:16.16,18.3 1 0
github.com/philiphil/restman/router/unserialize_body.go:19.2,21.16 3 0
github.com/philiphil/restman/router/unserialize_body.go:21.16,23.3 1 0
github.com/philiphil/restman/router/unserialize_body.go:24.2,24.12 1 0
github.com/philiphil/restman/router/unserialize_body.go:27.70,31.16 4 0
github.com/philiphil/restman/router/unserialize_body.go:31.16,33.3 1 0
github.com/philiphil/restman/router/unserialize_body.go:34.2,36.16 3 0
github.com/philiphil/restman/router/unserialize_body.go:36.16,38.3 1 0
github.com/philiphil/restman/router/unserialize_body.go:39.2,39.12 1 0
github.com/philiphil/restman/orm/orm.go:15.87,19.2 1 0
github.com/philiphil/restman/orm/orm.go:21.62,23.2 1 0
github.com/philiphil/restman/orm/orm.go:25.46,28.16 2 0
github.com/philiphil/restman/orm/orm.go:28.16,30.3 1 0
github.com/philiphil/restman/orm/orm.go:31.2,31.20 1 0
github.com/philiphil/restman/orm/orm.go:31.20,33.3 1 0
github.com/philiphil/restman/orm/orm.go:34.2,34.21 1 0
github.com/philiphil/restman/orm/orm.go:37.99,39.2 1 0
github.com/philiphil/restman/orm/orm.go:41.41,43.2 1 0
github.com/philiphil/restman/orm/orm.go:45.43,47.2 1 0
github.com/philiphil/restman/orm/orm.go:49.43,51.2 1 0
github.com/philiphil/restman/orm/orm.go:53.43,55.2 1 0
github.com/philiphil/restman/orm/orm.go:57.59,59.16 2 0
github.com/philiphil/restman/orm/orm.go:59.16,61.3 1 0
github.com/philiphil/restman/orm/orm.go:62.2,62.27 1 0
github.com/philiphil/restman/orm/orm.go:62.27,64.3 1 0
github.com/philiphil/restman/orm/orm.go:65.2,65.18 1 0
github.com/philiphil/restman/orm/orm.go:68.32,70.2 1 0
github.com/philiphil/restman/orm/orm_factory.go:29.33,30.23 1 0
github.com/philiphil/restman/orm/orm_factory.go:30.23,31.63 1 0
github.com/philiphil/restman/orm/orm_factory.go:33.2,33.31 1 0
github.com/philiphil/restman/orm/orm_factory.go:33.31,34.71 1 0
github.com/philiphil/restman/orm/orm_factory.go:36.2,39.3 1 0
github.com/philiphil/restman/orm/orm_factory.go:45.93,47.15 2 0
github.com/philiphil/restman/orm/orm_factory.go:47.15,49.78 1 0
github.com/philiphil/restman/orm/orm_factory.go:53.2,54.17 2 0
github.com/philiphil/restman/orm/orm_factory.go:54.17,56.92 1 0
github.com/philiphil/restman/orm/orm_factory.go:58.2,58.13 1 0
github.com/philiphil/restman/serializer/filter/assign_field_value.go:8.99,9.23 1 0
github.com/philiphil/restman/serializer/filter/assign_field_value.go:9.23,11.3 1 0
github.com/philiphil/restman/serializer/filter/assign_field_value.go:12.2,12.79 1 0
github.com/philiphil/restman/serializer/filter/assign_field_value.go:12.79,14.3 1 0
github.com/philiphil/restman/serializer/filter/assign_field_value.go:14.8,14.130 1 0
github.com/philiphil/restman/serializer/filter/assign_field_value.go:14.130,18.3 3 0
github.com/philiphil/restman/serializer/filter/assign_field_value.go:18.8,18.38 1 0
github.com/philiphil/restman/serializer/filter/assign_field_value.go:18.38,20.45 2 0
github.com/philiphil/restman/serializer/filter/assign_field_value.go:20.45,22.50 2 0
github.com/philiphil/restman/serializer/filter/assign_field_value.go:22.50,29.82 5 0
github.com/philiphil/restman/serializer/filter/assign_field_value.go:29.82,31.6 1 0
github.com/philiphil/restman/serializer/filter/assign_field_value.go:31.11,33.6 1 0
github.com/philiphil/restman/serializer/filter/assign_field_value.go:36.4,36.37 1 0
github.com/philiphil/restman/serializer/filter/assign_field_value.go:37.9,40.4 1 0
github.com/philiphil/restman/serializer/filter/assign_field_value.go:41.8,42.55 1 0
github.com/philiphil/restman/serializer/filter/assign_field_value.go:42.55,44.14 2 0
github.com/philiphil/restman/serializer/filter/assign_field_value.go:46.3,46.52 1 0
github.com/philiphil/restman/serializer/filter/field_utils.go:8.71,9.22 1 0
github.com/philiphil/restman/serializer/filter/field_utils.go:9.22,11.3 1 0
github.com/philiphil/restman/serializer/filter/field_utils.go:13.2,14.15 2 0
github.com/philiphil/restman/serializer/filter/field_utils.go:14.15,16.3 1 0
github.com/philiphil/restman/serializer/filter/field_utils.go:18.2,19.31 2 0
github.com/philiphil/restman/serializer/filter/field_utils.go:19.31,20.31 1 0
github.com/philiphil/restman/serializer/filter/field_utils.go:20.31,21.18 1 0
github.com/philiphil/restman/serializer/filter/field_utils.go:21.18,23.5 1 0
github.com/philiphil/restman/serializer/filter/field_utils.go:27.2,27.14 1 0
github.com/philiphil/restman/serializer/filter/field_utils.go:30.54,32.2 1 0
github.com/philiphil/restman/serializer/filter/field_utils.go:34.36,36.2 1 0
github.com/philiphil/restman/serializer/filter/field_utils.go:38.34,40.2 1 0
github.com/philiphil/restman/serializer/filter/field_utils.go:42.33,44.2 1 0
github.com/philiphil/restman/serializer/filter/field_utils.go:46.50,48.2 1 0
github.com/philiphil/restman/serializer/filter/field_utils.go:50.67,51.33 1 0
github.com/philiphil/restman/serializer/filter/field_utils.go:51.33,53.3 1 0
github.com/philiphil/restman/serializer/filter/field_utils.go:54.2,54.14 1 0
github.com/philiphil/restman/serializer/filter/field_utils.go:57.60,58.29 1 0
github.com/philiphil/restman/serializer/filter/field_utils.go:58.29,60.3 1 0
github.com/philiphil/restman/serializer/filter/field_utils.go:61.2,61.10 1 0
github.com/philiphil/restman/serializer/filter/filter.go:7.55,11.24 3 0
github.com/philiphil/restman/serializer/filter/filter.go:11.24,13.3 1 0
github.com/philiphil/restman/serializer/filter/filter.go:14.2,14.22 1 0
github.com/philiphil/restman/serializer/filter/filter.go:14.22,16.3 1 0
github.com/philiphil/restman/serializer/filter/filter.go:17.2,17.21 1 0
github.com/philiphil/restman/serializer/filter/filter.go:17.21,19.3 1 0
github.com/philiphil/restman/serializer/filter/filter.go:20.2,20.12 1 0
github.com/philiphil/restman/serializer/filter/filter_map.go:7.58,16.18 6 0
github.com/philiphil/restman/serializer/filter/filter_map.go:16.18,22.10 5 0
github.com/philiphil/restman/serializer/filter/filter_map.go:22.10,24.4 1 0
github.com/philiphil/restman/serializer/filter/filter_map.go:26.3,26.60 1 0
github.com/philiphil/restman/serializer/filter/filter_map.go:26.60,28.4 1 0
github.com/philiphil/restman/serializer/filter/filter_map.go:28.9,35.4 4 0
github.com/philiphil/restman/serializer/filter/filter_map.go:38.2,38.33 1 0
github.com/philiphil/restman/serializer/filter/filter_slice.go:7.60,10.22 2 0
github.com/philiphil/restman/serializer/filter/filter_slice.go:10.22,12.3 1 0
github.com/philiphil/restman/serializer/filter/filter_slice.go:14.2,20.35 4 0
github.com/philiphil/restman/serializer/filter/filter_slice.go:20.35,24.3 3 0
github.com/philiphil/restman/serializer/filter/filter_slice.go:25.2,25.33 1 0
github.com/philiphil/restman/serializer/filter/filter_struct.go:7.61,11.36 3 0
github.com/philiphil/restman/serializer/filter/filter_struct.go:11.36,12.20 1 0
github.com/philiphil/restman/serializer/filter/filter_struct.go:12.20,14.4 1 0
github.com/philiphil/restman/serializer/filter/filter_struct.go:15.3,16.43 2 0
github.com/philiphil/restman/serializer/filter/filter_struct.go:19.2,21.21 2 0
github.com/philiphil/restman/serializer/filter/filter_struct.go:21.21,22.35 1 0
github.com/philiphil/restman/serializer/filter/filter_struct.go:22.35,24.64 2 0
github.com/philiphil/restman/serializer/filter/filter_struct.go:24.64,27.52 2 0
github.com/philiphil/restman/serializer/filter/filter_struct.go:27.52,34.6 2 0
github.com/philiphil/restman/serializer/filter/filter_struct.go:34.11,36.6 1 0
github.com/philiphil/restman/serializer/filter/filter_struct.go:39.3,40.52 2 0
github.com/philiphil/restman/serializer/filter/filter_struct.go:43.2,46.34 3 0
github.com/philiphil/restman/serializer/filter/filter_struct.go:46.34,51.3 4 0
github.com/philiphil/restman/serializer/filter/filter_struct.go:53.2,53.33 1 0
github.com/philiphil/restman/serializer/filter/filter_struct.go:56.89,61.40 3 0
github.com/philiphil/restman/serializer/filter/filter_struct.go:61.40,65.25 3 0
github.com/philiphil/restman/serializer/filter/filter_struct.go:65.25,68.46 2 0
github.com/philiphil/restman/serializer/filter/filter_struct.go:68.46,70.83 2 0
github.com/philiphil/restman/serializer/filter/filter_struct.go:70.83,76.6 1 0
github.com/philiphil/restman/serializer/filter/filter_struct.go:81.2,81.24 1 0
github.com/philiphil/restman/route/route_construct.go:9.89,12.47 3 0
github.com/philiphil/restman/route/route_construct.go:12.47,14.3 1 0
github.com/philiphil/restman/route/route_construct.go:15.2,15.10 1 0
github.com/philiphil/restman/route/route_construct.go:22.45,33.2 1 0
github.com/philiphil/restman/route/route_construct.go:35.41,39.2 3 0
github.com/philiphil/restman/route/route_construct.go:42.44,50.2 1 0
github.com/philiphil/restman/route/route_type.go:31.36,32.11 1 0
github.com/philiphil/restman/route/route_type.go:33.13,34.17 1 0
github.com/philiphil/restman/route/route_type.go:35.12,36.16 1 0
github.com/philiphil/restman/route/route_type.go:37.11,38.15 1 0
github.com/philiphil/restman/route/route_type.go:39.11,40.15 1 0
github.com/philiphil/restman/route/route_type.go:41.12,42.16 1 0
github.com/philiphil/restman/route/route_type.go:43.14,44.18 1 0
github.com/philiphil/restman/route/route_type.go:45.15,46.19 1 0
github.com/philiphil/restman/route/route_type.go:47.13,48.17 1 0
github.com/philiphil/restman/route/route_type.go:49.15,50.19 1 0
github.com/philiphil/restman/route/route_type.go:51.10,52.35 1 0
github.com/philiphil/restman/cache/cache.go:27.97,42.2 4 1
github.com/philiphil/restman/cache/cache.go:44.68,46.2 1 1
github.com/philiphil/restman/cache/cache.go:48.42,51.16 3 1
github.com/philiphil/restman/cache/cache.go:51.16,53.3 1 0
github.com/philiphil/restman/cache/cache.go:55.2,55.72 1 1
github.com/philiphil/restman/cache/cache.go:58.47,63.22 4 1
github.com/philiphil/restman/cache/cache.go:63.22,65.3 1 1
github.com/philiphil/restman/cache/cache.go:65.8,65.23 1 1
github.com/philiphil/restman/cache/cache.go:65.23,67.3 1 0
github.com/philiphil/restman/cache/cache.go:69.2,70.20 2 1
github.com/philiphil/restman/cache/cache.go:73.45,76.2 2 1
github.com/philiphil/restman/configuration/configuration.go:43.54,45.2 1 0
github.com/philiphil/restman/configuration/configuration.go:49.50,51.2 1 0
github.com/philiphil/restman/configuration/configuration.go:54.43,56.2 1 0
github.com/philiphil/restman/configuration/configuration.go:59.58,61.2 1 0
github.com/philiphil/restman/configuration/configuration.go:64.44,66.2 1 0
github.com/philiphil/restman/configuration/configuration.go:69.50,71.2 1 0
github.com/philiphil/restman/configuration/configuration.go:76.50,78.2 1 0
github.com/philiphil/restman/configuration/configuration.go:82.57,84.2 1 0
github.com/philiphil/restman/configuration/configuration.go:88.57,90.2 1 0
github.com/philiphil/restman/configuration/configuration.go:93.51,95.2 1 0
github.com/philiphil/restman/configuration/configuration.go:98.58,100.2 1 0
github.com/philiphil/restman/configuration/configuration.go:103.46,105.2 1 0
github.com/philiphil/restman/configuration/configuration.go:109.58,111.37 2 0
github.com/philiphil/restman/configuration/configuration.go:111.37,113.3 1 0
github.com/philiphil/restman/configuration/configuration.go:114.2,114.57 1 0
github.com/philiphil/restman/configuration/configuration.go:119.54,121.2 1 0
github.com/philiphil/restman/configuration/configuration.go:125.55,127.2 1 0
github.com/philiphil/restman/configuration/configuration.go:131.53,133.2 1 0
github.com/philiphil/restman/configuration/default_configuration.go:4.65,23.2 1 0
github.com/philiphil/restman/errors/apiError.go:16.34,18.2 1 0
github.com/philiphil/restman/errors/ormError.go:14.34,16.2 1 0
github.com/philiphil/restman/orm/orm.go:15.87,19.2 1 0
github.com/philiphil/restman/orm/orm.go:21.62,23.2 1 0
github.com/philiphil/restman/orm/orm.go:25.46,28.16 2 0
github.com/philiphil/restman/orm/orm.go:28.16,30.3 1 0
github.com/philiphil/restman/orm/orm.go:31.2,31.20 1 0
github.com/philiphil/restman/orm/orm.go:31.20,33.3 1 0
github.com/philiphil/restman/orm/orm.go:34.2,34.21 1 0
github.com/philiphil/restman/orm/orm.go:37.99,39.2 1 0
github.com/philiphil/restman/orm/orm.go:41.41,43.2 1 0
github.com/philiphil/restman/orm/orm.go:45.43,47.2 1 0
github.com/philiphil/restman/orm/orm.go:49.43,51.2 1 0
github.com/philiphil/restman/orm/orm.go:53.43,55.2 1 0
github.com/philiphil/restman/orm/orm.go:57.59,59.16 2 0
github.com/philiphil/restman/orm/orm.go:59.16,61.3 1 0
github.com/philiphil/restman/orm/orm.go:62.2,62.27 1 0
github.com/philiphil/restman/orm/orm.go:62.27,64.3 1 0
github.com/philiphil/restman/orm/orm.go:65.2,65.18 1 0
github.com/philiphil/restman/orm/orm.go:68.32,70.2 1 0
github.com/philiphil/restman/orm/orm_factory.go:29.33,30.23 1 0
github.com/philiphil/restman/orm/orm_factory.go:30.23,31.63 1 0
github.com/philiphil/restman/orm/orm_factory.go:33.2,33.31 1 0
github.com/philiphil/restman/orm/orm_factory.go:33.31,34.71 1 0
github.com/philiphil/restman/orm/orm_factory.go:36.2,39.3 1 0
github.com/philiphil/restman/orm/orm_factory.go:45.93,47.15 2 0
github.com/philiphil/restman/orm/orm_factory.go:47.15,49.78 1 0
github.com/philiphil/restman/orm/orm_factory.go:53.2,54.17 2 0
github.com/philiphil/restman/orm/orm_factory.go:54.17,56.92 1 0
github.com/philiphil/restman/orm/orm_factory.go:58.2,58.13 1 0
github.com/philiphil/restman/orm/entity/base_entity.go:19.32,21.2 1 0
github.com/philiphil/restman/orm/entity/base_entity.go:23.42,26.2 2 0
github.com/philiphil/restman/orm/entity/id.go:13.29,15.2 1 1
github.com/philiphil/restman/orm/entity/id.go:17.24,18.24 1 1
github.com/philiphil/restman/orm/entity/id.go:19.10,20.11 1 0
github.com/philiphil/restman/orm/entity/id.go:21.11,22.15 1 1
github.com/philiphil/restman/orm/entity/id.go:23.12,24.15 1 0
github.com/philiphil/restman/orm/entity/id.go:25.14,27.25 2 0
github.com/philiphil/restman/orm/entity/id.go:30.2,30.15 1 0
github.com/philiphil/restman/orm/gormrepository/gormrepository.go:14.99,18.2 1 0
github.com/philiphil/restman/orm/gormrepository/gormrepository.go:27.82,30.2 2 0
github.com/philiphil/restman/orm/gormrepository/gormrepository.go:31.83,34.2 2 0
github.com/philiphil/restman/orm/gormrepository/gormrepository.go:36.95,37.17 1 0
github.com/philiphil/restman/orm/gormrepository/gormrepository.go:37.17,39.3 1 0
github.com/philiphil/restman/orm/gormrepository/gormrepository.go:39.8,41.3 1 0
github.com/philiphil/restman/orm/gormrepository/gormrepository.go:42.2,42.10 1 0
github.com/philiphil/restman/orm/gormrepository/gormrepository.go:45.80,47.47 2 0
github.com/philiphil/restman/orm/gormrepository/gormrepository.go:47.47,49.3 1 0
github.com/philiphil/restman/orm/gormrepository/gormrepository.go:50.2,51.10 2 0
github.com/philiphil/restman/orm/gormrepository/gormrepository.go:54.77,59.16 4 0
github.com/philiphil/restman/orm/gormrepository/gormrepository.go:59.16,61.3 1 0
github.com/philiphil/restman/orm/gormrepository/gormrepository.go:63.2,64.12 2 0
github.com/philiphil/restman/orm/gormrepository/gormrepository.go:67.84,70.16 3 0
github.com/philiphil/restman/orm/gormrepository/gormrepository.go:70.16,72.3 1 0
github.com/philiphil/restman/orm/gormrepository/gormrepository.go:74.2,74.12 1 0
github.com/philiphil/restman/orm/gormrepository/gormrepository.go:77.77,82.16 4 0
github.com/philiphil/restman/orm/gormrepository/gormrepository.go:82.16,84.3 1 0
github.com/philiphil/restman/orm/gormrepository/gormrepository.go:86.2,87.12 2 0
github.com/philiphil/restman/orm/gormrepository/gormrepository.go:90.87,94.16 3 0
github.com/philiphil/restman/orm/gormrepository/gormrepository.go:94.16,96.3 1 0
github.com/philiphil/restman/orm/gormrepository/gormrepository.go:98.2,98.30 1 0
github.com/philiphil/restman/orm/gormrepository/gormrepository.go:101.104,103.2 1 0
github.com/philiphil/restman/orm/gormrepository/gormrepository.go:105.116,108.34 2 0
github.com/philiphil/restman/orm/gormrepository/gormrepository.go:108.34,109.27 1 0
github.com/philiphil/restman/orm/gormrepository/gormrepository.go:110.27,111.48 1 0
github.com/philiphil/restman/orm/gormrepository/gormrepository.go:112.11,113.63 1 0
github.com/philiphil/restman/orm/gormrepository/gormrepository.go:117.2,117.26 1 0
github.com/philiphil/restman/orm/gormrepository/gormrepository.go:117.26,118.27 1 0
github.com/philiphil/restman/orm/gormrepository/gormrepository.go:118.27,121.4 2 0
github.com/philiphil/restman/orm/gormrepository/gormrepository.go:122.3,122.46 1 0
github.com/philiphil/restman/orm/gormrepository/gormrepository.go:122.46,124.4 1 0
github.com/philiphil/restman/orm/gormrepository/gormrepository.go:126.2,126.18 1 0
github.com/philiphil/restman/orm/gormrepository/gormrepository.go:129.136,136.16 4 0
github.com/philiphil/restman/orm/gormrepository/gormrepository.go:136.16,138.3 1 0
github.com/philiphil/restman/orm/gormrepository/gormrepository.go:140.2,141.29 2 0
github.com/philiphil/restman/orm/gormrepository/gormrepository.go:141.29,143.3 1 0
github.com/philiphil/restman/orm/gormrepository/gormrepository.go:145.2,145.20 1 0
github.com/philiphil/restman/orm/gormrepository/gormrepository.go:148.106,150.2 1 0
github.com/philiphil/restman/orm/gormrepository/gormrepository.go:152.94,155.16 3 0
github.com/philiphil/restman/orm/gormrepository/gormrepository.go:155.16,157.3 1 0
github.com/philiphil/restman/orm/gormrepository/gormrepository.go:158.2,159.29 2 0
github.com/philiphil/restman/orm/gormrepository/gormrepository.go:159.29,162.3 2 0
github.com/philiphil/restman/orm/gormrepository/gormrepository.go:164.2,164.20 1 0
github.com/philiphil/restman/orm/gormrepository/gormrepository.go:167.88,170.16 3 0
github.com/philiphil/restman/orm/gormrepository/gormrepository.go:170.16,172.3 1 0
github.com/philiphil/restman/orm/gormrepository/gormrepository.go:173.2,173.12 1 0
github.com/philiphil/restman/orm/gormrepository/gormrepository.go:176.86,178.34 2 0
github.com/philiphil/restman/orm/gormrepository/gormrepository.go:178.34,180.3 1 0
github.com/philiphil/restman/orm/gormrepository/gormrepository.go:181.2,181.32 1 0
github.com/philiphil/restman/orm/gormrepository/gormrepository.go:184.86,186.34 2 0
github.com/philiphil/restman/orm/gormrepository/gormrepository.go:186.34,190.3 3 0
github.com/philiphil/restman/orm/gormrepository/gormrepository.go:192.2,192.67 1 0
github.com/philiphil/restman/orm/gormrepository/gormrepository.go:192.67,193.48 1 0
github.com/philiphil/restman/orm/gormrepository/gormrepository.go:193.48,195.4 1 0
github.com/philiphil/restman/orm/gormrepository/gormrepository.go:196.3,196.27 1 0
github.com/philiphil/restman/orm/gormrepository/gormrepository.go:196.27,198.4 1 0
github.com/philiphil/restman/orm/gormrepository/gormrepository.go:199.3,199.13 1 0
github.com/philiphil/restman/orm/gormrepository/gormrepository.go:203.86,205.34 2 0
github.com/philiphil/restman/orm/gormrepository/gormrepository.go:205.34,209.3 3 0
github.com/philiphil/restman/orm/gormrepository/gormrepository.go:211.2,211.67 1 0
github.com/philiphil/restman/orm/gormrepository/gormrepository.go:211.67,212.50 1 0
github.com/philiphil/restman/orm/gormrepository/gormrepository.go:212.50,214.4 1 0
github.com/philiphil/restman/orm/gormrepository/gormrepository.go:215.3,215.27 1 0
github.com/philiphil/restman/orm/gormrepository/gormrepository.go:215.27,217.4 1 0
github.com/philiphil/restman/orm/gormrepository/gormrepository.go:218.3,218.13 1 0
github.com/philiphil/restman/orm/gormrepository/gormrepository.go:222.48,224.2 1 0
github.com/philiphil/restman/orm/gormrepository/gormrepository.go:226.45,229.2 2 0
github.com/philiphil/restman/orm/gormrepository/rest_adaptater.go:9.60,11.2 1 0
github.com/philiphil/restman/orm/gormrepository/rest_adaptater.go:13.60,15.2 1 0
github.com/philiphil/restman/orm/gormrepository/rest_adaptater.go:17.68,19.2 1 0
github.com/philiphil/restman/orm/gormrepository/rest_adaptater.go:21.60,23.2 1 0
github.com/philiphil/restman/orm/gormrepository/rest_adaptater.go:25.98,27.26 2 0
github.com/philiphil/restman/orm/gormrepository/rest_adaptater.go:27.26,29.3 1 0
github.com/philiphil/restman/orm/gormrepository/rest_adaptater.go:30.2,30.84 1 0
github.com/philiphil/restman/orm/gormrepository/rest_adaptater.go:33.40,35.2 1 0
github.com/philiphil/restman/orm/gormrepository/rest_adaptater.go:37.61,41.2 3 0
github.com/philiphil/restman/orm/gormrepository/specification.go:18.46,21.40 2 0
github.com/philiphil/restman/orm/gormrepository/specification.go:21.40,23.3 1 0
github.com/philiphil/restman/orm/gormrepository/specification.go:25.2,25.64 1 0
github.com/philiphil/restman/orm/gormrepository/specification.go:28.46,31.40 2 0
github.com/philiphil/restman/orm/gormrepository/specification.go:31.40,33.3 1 0
github.com/philiphil/restman/orm/gormrepository/specification.go:35.2,35.15 1 0
github.com/philiphil/restman/orm/gormrepository/specification.go:38.57,43.2 1 0
github.com/philiphil/restman/orm/gormrepository/specification.go:45.56,50.2 1 0
github.com/philiphil/restman/orm/gormrepository/specification.go:56.45,58.2 1 0
github.com/philiphil/restman/orm/gormrepository/specification.go:60.53,64.2 1 0
github.com/philiphil/restman/orm/gormrepository/specification.go:72.59,74.2 1 0
github.com/philiphil/restman/orm/gormrepository/specification.go:76.59,78.2 1 0
github.com/philiphil/restman/orm/gormrepository/specification.go:80.56,86.2 1 0
github.com/philiphil/restman/orm/gormrepository/specification.go:88.69,94.2 1 0
github.com/philiphil/restman/orm/gormrepository/specification.go:96.72,102.2 1 0
github.com/philiphil/restman/orm/gormrepository/specification.go:104.66,110.2 1 0
github.com/philiphil/restman/orm/gormrepository/specification.go:112.69,118.2 1 0
github.com/philiphil/restman/orm/gormrepository/specification.go:120.55,126.2 1 0
github.com/philiphil/restman/orm/gormrepository/specification.go:128.55,134.2 1 0
github.com/philiphil/restman/orm/gormrepository/specification.go:136.56,142.2 1 0
github.com/philiphil/restman/orm/gormrepository/specification.go:146.48,148.2 1 0
github.com/philiphil/restman/orm/gormrepository/specification.go:150.48,152.2 1 0
github.com/philiphil/restman/orm/gormrepository/specification.go:154.41,156.2 1 0
github.com/philiphil/restman/orm/gormrepository/specification.go:157.44,159.2 1 0
github.com/philiphil/restman/orm/gormrepository/specification.go:166.47,168.2 1 0
github.com/philiphil/restman/orm/gormrepository/specification.go:170.47,172.2 1 0
github.com/philiphil/restman/orm/gormrepository/specification.go:174.60,179.2 1 0
github.com/philiphil/restman/orm/gormrepository/utils.go:3.56,5.45 2 0
github.com/philiphil/restman/orm/gormrepository/utils.go:5.45,10.23 2 0
github.com/philiphil/restman/orm/gormrepository/utils.go:10.23,12.4 1 0
github.com/philiphil/restman/orm/gormrepository/utils.go:14.3,14.40 1 0
github.com/philiphil/restman/orm/gormrepository/utils.go:17.2,17.15 1 0
github.com/philiphil/restman/orm/gormrepository_reflection/gormrepository_reflection.go:13.98,19.2 1 0
github.com/philiphil/restman/orm/gormrepository_reflection/gormrepository_reflection.go:30.70,33.2 2 0
github.com/philiphil/restman/orm/gormrepository_reflection/gormrepository_reflection.go:35.71,38.2 2 0
github.com/philiphil/restman/orm/gormrepository_reflection/gormrepository_reflection.go:40.83,41.17 1 0
github.com/philiphil/restman/orm/gormrepository_reflection/gormrepository_reflection.go:41.17,43.3 1 0
github.com/philiphil/restman/orm/gormrepository_reflection/gormrepository_reflection.go:43.8,45.3 1 0
github.com/philiphil/restman/orm/gormrepository_reflection/gormrepository_reflection.go:46.2,46.10 1 0
github.com/philiphil/restman/orm/gormrepository_reflection/gormrepository_reflection.go:49.77,51.47 2 0
github.com/philiphil/restman/orm/gormrepository_reflection/gormrepository_reflection.go:51.47,53.3 1 0
github.com/philiphil/restman/orm/gormrepository_reflection/gormrepository_reflection.go:54.2,55.10 2 0
github.com/philiphil/restman/orm/gormrepository_reflection/gormrepository_reflection.go:58.77,61.9 3 0
github.com/philiphil/restman/orm/gormrepository_reflection/gormrepository_reflection.go:61.9,62.57 1 0
github.com/philiphil/restman/orm/gormrepository_reflection/gormrepository_reflection.go:65.2,68.16 3 0
github.com/philiphil/restman/orm/gormrepository_reflection/gormrepository_reflection.go:68.16,70.3 1 0
github.com/philiphil/restman/orm/gormrepository_reflection/gormrepository_reflection.go:73.2,74.12 2 0
github.com/philiphil/restman/orm/gormrepository_reflection/gormrepository_reflection.go:77.78,80.16 3 0
github.com/philiphil/restman/orm/gormrepository_reflection/gormrepository_reflection.go:80.16,82.3 1 0
github.com/philiphil/restman/orm/gormrepository_reflection/gormrepository_reflection.go:83.2,83.12 1 0
github.com/philiphil/restman/orm/gormrepository_reflection/gormrepository_reflection.go:86.77,89.9 3 0
github.com/philiphil/restman/orm/gormrepository_reflection/gormrepository_reflection.go:89.9,90.57 1 0
github.com/philiphil/restman/orm/gormrepository_reflection/gormrepository_reflection.go:92.2,95.16 3 0
github.com/philiphil/restman/orm/gormrepository_reflection/gormrepository_reflection.go:95.16,97.3 1 0
github.com/philiphil/restman/orm/gormrepository_reflection/gormrepository_reflection.go:99.2,100.12 2 0
github.com/philiphil/restman/orm/gormrepository_reflection/gormrepository_reflection.go:103.83,107.16 3 0
github.com/philiphil/restman/orm/gormrepository_reflection/gormrepository_reflection.go:107.16,109.3 1 0
github.com/philiphil/restman/orm/gormrepository_reflection/gormrepository_reflection.go:111.2,112.9 2 0
github.com/philiphil/restman/orm/gormrepository_reflection/gormrepository_reflection.go:112.9,113.57 1 0
github.com/philiphil/restman/orm/gormrepository_reflection/gormrepository_reflection.go:115.2,115.32 1 0
github.com/philiphil/restman/orm/gormrepository_reflection/gormrepository_reflection.go:118.100,120.2 1 0
github.com/philiphil/restman/orm/gormrepository_reflection/gormrepository_reflection.go:122.110,125.34 2 0
github.com/philiphil/restman/orm/gormrepository_reflection/gormrepository_reflection.go:125.34,126.27 1 0
github.com/philiphil/restman/orm/gormrepository_reflection/gormrepository_reflection.go:127.27,128.48 1 0
github.com/philiphil/restman/orm/gormrepository_reflection/gormrepository_reflection.go:129.11,130.63 1 0
github.com/philiphil/restman/orm/gormrepository_reflection/gormrepository_reflection.go:134.2,134.26 1 0
github.com/philiphil/restman/orm/gormrepository_reflection/gormrepository_reflection.go:134.26,135.27 1 0
github.com/philiphil/restman/orm/gormrepository_reflection/gormrepository_reflection.go:135.27,139.4 2 0
github.com/philiphil/restman/orm/gormrepository_reflection/gormrepository_reflection.go:140.3,140.46 1 0
github.com/philiphil/restman/orm/gormrepository_reflection/gormrepository_reflection.go:140.46,142.4 1 0
github.com/philiphil/restman/orm/gormrepository_reflection/gormrepository_reflection.go:144.2,144.18 1 0
github.com/philiphil/restman/orm/gormrepository_reflection/gormrepository_reflection.go:147.132,154.16 4 0
github.com/philiphil/restman/orm/gormrepository_reflection/gormrepository_reflection.go:154.16,156.3 1 0
github.com/philiphil/restman/orm/gormrepository_reflection/gormrepository_reflection.go:158.2,160.41 3 0
github.com/philiphil/restman/orm/gormrepository_reflection/gormrepository_reflection.go:160.41,163.10 3 0
github.com/philiphil/restman/orm/gormrepository_reflection/gormrepository_reflection.go:163.10,164.58 1 0
github.com/philiphil/restman/orm/gormrepository_reflection/gormrepository_reflection.go:166.3,166.33 1 0
github.com/philiphil/restman/orm/gormrepository_reflection/gormrepository_reflection.go:169.2,169.20 1 0
github.com/philiphil/restman/orm/gormrepository_reflection/gormrepository_reflection.go:172.102,174.2 1 0
github.com/philiphil/restman/orm/gormrepository_reflection/gormrepository_reflection.go:176.89,179.16 3 0
github.com/philiphil/restman/orm/gormrepository_reflection/gormrepository_reflection.go:179.16,181.3 1 0
github.com/philiphil/restman/orm/gormrepository_reflection/gormrepository_reflection.go:183.2,185.41 3 0
github.com/philiphil/restman/orm/gormrepository_reflection/gormrepository_reflection.go:185.41,188.10 3 0
github.com/philiphil/restman/orm/gormrepository_reflection/gormrepository_reflection.go:188.10,189.58 1 0
github.com/philiphil/restman/orm/gormrepository_reflection/gormrepository_reflection.go:191.3,191.33 1 0
github.com/philiphil/restman/orm/gormrepository_reflection/gormrepository_reflection.go:193.2,193.20 1 0
github.com/philiphil/restman/orm/gormrepository_reflection/gormrepository_reflection.go:196.82,199.16 3 0
github.com/philiphil/restman/orm/gormrepository_reflection/gormrepository_reflection.go:199.16,201.3 1 0
github.com/philiphil/restman/orm/gormrepository_reflection/gormrepository_reflection.go:202.2,202.12 1 0
github.com/philiphil/restman/orm/gormrepository_reflection/gormrepository_reflection.go:205.81,207.29 2 0
github.com/philiphil/restman/orm/gormrepository_reflection/gormrepository_reflection.go:207.29,209.10 2 0
github.com/philiphil/restman/orm/gormrepository_reflection/gormrepository_reflection.go:209.10,210.68 1 0
github.com/philiphil/restman/orm/gormrepository_reflection/gormrepository_reflection.go:212.3,212.23 1 0
github.com/philiphil/restman/orm/gormrepository_reflection/gormrepository_reflection.go:214.2,214.32 1 0
github.com/philiphil/restman/orm/gormrepository_reflection/gormrepository_reflection.go:217.81,220.29 2 0
github.com/philiphil/restman/orm/gormrepository_reflection/gormrepository_reflection.go:220.29,223.10 3 0
github.com/philiphil/restman/orm/gormrepository_reflection/gormrepository_reflection.go:223.10,224.58 1 0
github.com/philiphil/restman/orm/gormrepository_reflection/gormrepository_reflection.go:226.3,227.37 2 0
github.com/philiphil/restman/orm/gormrepository_reflection/gormrepository_reflection.go:230.2,230.67 1 0
github.com/philiphil/restman/orm/gormrepository_reflection/gormrepository_reflection.go:230.67,231.64 1 0
github.com/philiphil/restman/orm/gormrepository_reflection/gormrepository_reflection.go:231.64,233.4 1 0
github.com/philiphil/restman/orm/gormrepository_reflection/gormrepository_reflection.go:234.3,234.27 1 0
github.com/philiphil/restman/orm/gormrepository_reflection/gormrepository_reflection.go:234.27,239.4 3 0
github.com/philiphil/restman/orm/gormrepository_reflection/gormrepository_reflection.go:240.3,240.13 1 0
github.com/philiphil/restman/orm/gormrepository_reflection/gormrepository_reflection.go:244.81,247.29 2 0
github.com/philiphil/restman/orm/gormrepository_reflection/gormrepository_reflection.go:247.29,250.10 3 0
github.com/philiphil/restman/orm/gormrepository_reflection/gormrepository_reflection.go:250.10,251.58 1 0
github.com/philiphil/restman/orm/gormrepository_reflection/gormrepository_reflection.go:253.3,254.37 2 0
github.com/philiphil/restman/orm/gormrepository_reflection/gormrepository_reflection.go:257.2,257.67 1 0
github.com/philiphil/restman/orm/gormrepository_reflection/gormrepository_reflection.go:257.67,258.66 1 0
github.com/philiphil/restman/orm/gormrepository_reflection/gormrepository_reflection.go:258.66,260.4 1 0
github.com/philiphil/restman/orm/gormrepository_reflection/gormrepository_reflection.go:261.3,261.27 1 0
github.com/philiphil/restman/orm/gormrepository_reflection/gormrepository_reflection.go:261.27,265.4 3 0
[...]
github.com/philiphil/restman/router/header.go:17.68,18.24 1 1
github.com/philiphil/restman/router/header.go:18.24,20.3 1 1
github.com/philiphil/restman/router/header.go:21.2,24.39 3 0
github.com/philiphil/restman/router/header.go:24.39,29.34 4 0
github.com/philiphil/restman/router/header.go:29.34,30.50 1 0
github.com/philiphil/restman/router/header.go:30.50,32.19 2 0
github.com/philiphil/restman/router/header.go:32.19,34.6 1 0
github.com/philiphil/restman/router/header.go:39.2,39.50 1 0
github.com/philiphil/restman/router/header.go:39.50,40.61 1 0
github.com/philiphil/restman/router/header.go:40.61,42.4 1 0
github.com/philiphil/restman/router/header.go:43.3,43.63 1 0
github.com/philiphil/restman/router/header.go:46.2,47.44 2 0
github.com/philiphil/restman/router/header.go:47.44,49.93 2 0
github.com/philiphil/restman/router/header.go:49.93,51.4 1 0
github.com/philiphil/restman/router/header.go:51.9,51.37 1 0
github.com/philiphil/restman/router/header.go:51.37,53.4 1 0
github.com/philiphil/restman/router/header.go:55.2,55.50 1 0
github.com/philiphil/restman/router/header.go:58.52,59.15 1 0
github.com/philiphil/restman/router/header.go:59.15,61.3 1 0
github.com/philiphil/restman/router/header.go:62.2,62.55 1 0
github.com/philiphil/restman/router/header.go:62.55,64.3 1 0
github.com/philiphil/restman/router/header.go:65.2,65.52 1 0
github.com/philiphil/restman/router/header.go:65.52,67.3 1 0
github.com/philiphil/restman/router/header.go:68.2,68.51 1 0
github.com/philiphil/restman/router/header.go:68.51,70.3 1 0
github.com/philiphil/restman/router/header.go:71.2,71.51 1 0
github.com/philiphil/restman/router/header.go:71.51,73.3 1 0
github.com/philiphil/restman/router/header.go:74.2,74.23 1 0
github.com/philiphil/restman/router/json_ld_collection.go:8.135,20.27 10 0
github.com/philiphil/restman/router/json_ld_collection.go:20.27,21.18 1 0
github.com/philiphil/restman/router/json_ld_collection.go:21.18,23.4 1 0
github.com/philiphil/restman/router/json_ld_collection.go:25.2,27.22 2 0
github.com/philiphil/restman/router/json_ld_collection.go:27.22,29.3 1 0
github.com/philiphil/restman/router/json_ld_collection.go:30.2,30.27 1 0
github.com/philiphil/restman/router/json_ld_collection.go:30.27,32.3 1 0
github.com/philiphil/restman/router/json_ld_collection.go:34.2,39.10 4 0
github.com/philiphil/restman/router/json_ld_collection.go:42.27,45.25 2 0
github.com/philiphil/restman/router/json_ld_collection.go:45.25,46.14 1 0
github.com/philiphil/restman/router/json_ld_collection.go:46.14,48.4 1 0
github.com/philiphil/restman/router/json_ld_collection.go:51.2,51.12 1 0
github.com/philiphil/restman/router/options.go:8.48,10.34 2 0
github.com/philiphil/restman/router/options.go:10.34,11.27 1 0
github.com/philiphil/restman/router/options.go:12.22,12.22 0 0
github.com/philiphil/restman/router/options.go:13.26,13.26 0 0
github.com/philiphil/restman/router/options.go:14.25,14.25 0 0
github.com/philiphil/restman/router/options.go:15.23,15.23 0 0
github.com/philiphil/restman/router/options.go:16.23,16.23 0 0
github.com/philiphil/restman/router/options.go:17.24,17.24 0 0
github.com/philiphil/restman/router/options.go:18.11,19.24 1 0
github.com/philiphil/restman/router/options.go:19.24,21.5 1 0
github.com/philiphil/restman/router/options.go:22.4,22.40 1 0
github.com/philiphil/restman/router/options.go:25.2,27.15 3 0
github.com/philiphil/restman/router/patch.go:9.46,12.16 3 0
github.com/philiphil/restman/router/patch.go:12.16,15.3 2 0
github.com/philiphil/restman/router/patch.go:17.2,17.46 1 0
github.com/philiphil/restman/router/patch.go:17.46,20.3 2 0
github.com/philiphil/restman/router/patch.go:21.2,21.55 1 0
github.com/philiphil/restman/router/patch.go:21.55,24.3 2 0
github.com/philiphil/restman/router/patch.go:25.2,30.16 6 0
github.com/philiphil/restman/router/patch.go:30.16,33.3 2 0
github.com/philiphil/restman/router/patch.go:35.2,35.18 1 0
github.com/philiphil/restman/router/post.go:10.45,15.51 4 0
github.com/philiphil/restman/router/post.go:15.51,18.3 2 0
github.com/philiphil/restman/router/post.go:20.2,20.60 1 0
github.com/philiphil/restman/router/post.go:20.60,22.45 1 0
github.com/philiphil/restman/router/post.go:22.45,23.66 1 0
github.com/philiphil/restman/router/post.go:23.66,27.5 2 0
github.com/philiphil/restman/router/post.go:27.10,29.5 1 0
github.com/philiphil/restman/router/post.go:30.9,34.4 2 0
github.com/philiphil/restman/router/post.go:35.8,37.3 1 0
github.com/philiphil/restman/router/post.go:39.2,39.50 1 0
github.com/philiphil/restman/router/post.go:39.50,42.3 2 0
github.com/philiphil/restman/router/post.go:43.2,44.16 2 0
github.com/philiphil/restman/router/post.go:44.16,47.3 2 0
github.com/philiphil/restman/router/post.go:49.2,50.16 2 0
github.com/philiphil/restman/router/post.go:50.16,53.3 2 0
github.com/philiphil/restman/router/post.go:55.2,55.12 1 0
github.com/philiphil/restman/router/post.go:55.12,61.3 1 0
github.com/philiphil/restman/router/post.go:61.8,68.3 1 0
github.com/philiphil/restman/router/put.go:9.44,12.16 3 0
github.com/philiphil/restman/router/put.go:12.16,15.3 2 0
github.com/philiphil/restman/router/put.go:17.2,17.46 1 0
github.com/philiphil/restman/router/put.go:17.46,20.3 2 0
github.com/philiphil/restman/router/put.go:22.2,22.55 1 0
github.com/philiphil/restman/router/put.go:22.55,25.3 2 0
github.com/philiphil/restman/router/put.go:27.2,33.16 6 0
github.com/philiphil/restman/router/put.go:33.16,36.3 2 0
github.com/philiphil/restman/router/put.go:38.2,38.18 1 0
github.com/philiphil/restman/router/renderer.go:24.71,28.16 4 1
github.com/philiphil/restman/router/renderer.go:28.16,30.3 1 0
github.com/philiphil/restman/router/renderer.go:31.2,32.12 2 1
github.com/philiphil/restman/router/renderer.go:36.69,37.18 1 1
github.com/philiphil/restman/router/renderer.go:38.19,39.39 1 1
github.com/philiphil/restman/router/renderer.go:40.21,41.41 1 0
github.com/philiphil/restman/router/renderer.go:42.18,42.18 0 0
github.com/philiphil/restman/router/renderer.go:44.18,44.18 0 0
github.com/philiphil/restman/router/renderer.go:49.62,51.50 2 1
github.com/philiphil/restman/router/renderer.go:51.50,53.3 1 1
github.com/philiphil/restman/router/security.go:9.77,12.39 3 1
github.com/philiphil/restman/router/security.go:12.39,14.17 2 1
github.com/philiphil/restman/router/security.go:14.17,15.38 1 1
github.com/philiphil/restman/router/security.go:15.38,17.5 1 1
github.com/philiphil/restman/router/security.go:17.10,18.13 1 1
github.com/philiphil/restman/router/security.go:20.9,22.4 1 1
github.com/philiphil/restman/router/security.go:24.2,24.18 1 1
github.com/philiphil/restman/router/security.go:27.70,29.16 2 1
github.com/philiphil/restman/router/security.go:29.16,31.3 1 1
github.com/philiphil/restman/router/security.go:32.2,33.8 2 1
github.com/philiphil/restman/router/security.go:33.8,35.27 2 1
github.com/philiphil/restman/router/security.go:35.27,37.4 1 0
github.com/philiphil/restman/router/security.go:40.2,40.12 1 1
github.com/philiphil/restman/router/security.go:43.70,45.16 2 0
github.com/philiphil/restman/router/security.go:45.16,47.3 1 0
github.com/philiphil/restman/router/security.go:48.2,49.8 2 0
github.com/philiphil/restman/router/security.go:49.8,51.27 2 0
github.com/philiphil/restman/router/security.go:51.27,53.4 1 0
github.com/philiphil/restman/router/security.go:56.2,56.12 1 0
github.com/philiphil/restman/router/unserialize_body.go:12.65,16.16 4 0
github.com/philiphil/restman/router/unserialize_body.go:16.16,18.3 1 0
github.com/philiphil/restman/router/unserialize_body.go:19.2,21.16 3 0
github.com/philiphil/restman/router/unserialize_body.go:21.16,23.3 1 0
github.com/philiphil/restman/router/unserialize_body.go:24.2,24.12 1 0
github.com/philiphil/restman/router/unserialize_body.go:27.70,31.16 4 0
github.com/philiphil/restman/router/unserialize_body.go:31.16,33.3 1 0
github.com/philiphil/restman/router/unserialize_body.go:34.2,36.16 3 0
github.com/philiphil/restman/router/unserialize_body.go:36.16,38.3 1 0
github.com/philiphil/restman/router/unserialize_body.go:39.2,39.12 1 0
github.com/philiphil/restman/security/authorization.go:14.67,16.2 1 1
github.com/philiphil/restman/security/security_interfaces.go:16.54,19.2 2 1
github.com/philiphil/restman/security/security_interfaces.go:22.54,25.2 2 0
github.com/philiphil/restman/serializer/deserialize.go:15.62,16.21 1 0
github.com/philiphil/restman/serializer/deserialize.go:16.21,18.3 1 0
github.com/philiphil/restman/serializer/deserialize.go:19.2,19.18 1 0
github.com/philiphil/restman/serializer/deserialize.go:20.21,21.43 1 0
github.com/philiphil/restman/serializer/deserialize.go:22.19,23.43 1 0
github.com/philiphil/restman/serializer/deserialize.go:28.10,29.56 1 0
github.com/philiphil/restman/serializer/deserialize.go:35.65,39.76 3 0
github.com/philiphil/restman/serializer/deserialize.go:39.76,41.3 1 0
github.com/philiphil/restman/serializer/deserialize.go:43.2,48.12 4 0
github.com/philiphil/restman/serializer/deserialize.go:51.62,55.92 2 0
github.com/philiphil/restman/serializer/deserialize.go:55.92,57.35 2 0
github.com/philiphil/restman/serializer/deserialize.go:57.35,59.4 1 0
github.com/philiphil/restman/serializer/deserialize.go:60.3,60.28 1 0
github.com/philiphil/restman/serializer/deserialize.go:61.8,61.61 1 0
github.com/philiphil/restman/serializer/deserialize.go:61.61,63.3 1 0
github.com/philiphil/restman/serializer/deserialize.go:65.2,67.72 2 0
github.com/philiphil/restman/serializer/deserialize.go:67.72,68.42 1 0
github.com/philiphil/restman/serializer/deserialize.go:68.42,72.34 3 0
github.com/philiphil/restman/serializer/deserialize.go:72.34,73.13 1 0
github.com/philiphil/restman/serializer/deserialize.go:76.4,76.53 1 0
github.com/philiphil/restman/serializer/deserialize.go:76.53,77.85 1 0
github.com/philiphil/restman/serializer/deserialize.go:77.85,79.6 1 0
github.com/philiphil/restman/serializer/deserialize.go:79.11,81.6 1 0
github.com/philiphil/restman/serializer/deserialize.go:84.3,84.9 1 0
github.com/philiphil/restman/serializer/deserialize.go:87.2,87.70 1 0
github.com/philiphil/restman/serializer/deserialize.go:87.70,88.37 1 0
github.com/philiphil/restman/serializer/deserialize.go:88.37,90.79 2 0
github.com/philiphil/restman/serializer/deserialize.go:90.79,92.25 2 0
github.com/philiphil/restman/serializer/deserialize.go:92.25,94.6 1 0
github.com/philiphil/restman/serializer/deserialize.go:94.11,97.6 2 0
github.com/philiphil/restman/serializer/deserialize.go:98.10,100.5 1 0
github.com/philiphil/restman/serializer/deserialize.go:105.46,109.42 3 0
github.com/philiphil/restman/serializer/deserialize.go:109.42,110.45 1 0
github.com/philiphil/restman/serializer/deserialize.go:110.45,112.4 1 0
github.com/philiphil/restman/serializer/deserialize.go:114.2,114.14 1 0
github.com/philiphil/restman/serializer/deserialize.go:117.73,120.52 2 0
github.com/philiphil/restman/serializer/deserialize.go:120.52,122.3 1 0
github.com/philiphil/restman/serializer/deserialize.go:124.2,124.39 1 0
github.com/philiphil/restman/serializer/deserialize.go:128.36,131.2 2 0
github.com/philiphil/restman/serializer/deserialize.go:134.28,137.2 2 0
github.com/philiphil/restman/serializer/deserialize.go:139.65,141.50 2 0
github.com/philiphil/restman/serializer/deserialize.go:141.50,143.3 1 0
github.com/philiphil/restman/serializer/deserialize.go:145.2,147.16 3 0
github.com/philiphil/restman/serializer/deserialize.go:147.16,149.3 1 0
github.com/philiphil/restman/serializer/deserialize.go:151.2,154.27 3 0
github.com/philiphil/restman/serializer/deserialize.go:154.27,155.34 1 0
github.com/philiphil/restman/serializer/deserialize.go:155.34,157.41 2 0
github.com/philiphil/restman/serializer/deserialize.go:157.41,159.5 1 0
github.com/philiphil/restman/serializer/deserialize.go:163.2,164.12 2 0
github.com/philiphil/restman/serializer/serialize.go:15.75,16.18 1 1
github.com/philiphil/restman/serializer/serialize.go:17.19,18.41 1 1
github.com/philiphil/restman/serializer/serialize.go:19.21,20.41 1 0
github.com/philiphil/restman/serializer/serialize.go:21.18,22.40 1 0
github.com/philiphil/restman/serializer/serialize.go:23.18,24.40 1 0
github.com/philiphil/restman/serializer/serialize.go:25.10,26.60 1 0
github.com/philiphil/restman/serializer/serialize.go:30.79,34.16 3 1
github.com/philiphil/restman/serializer/serialize.go:34.16,36.3 1 0
github.com/philiphil/restman/serializer/serialize.go:37.2,37.31 1 1
github.com/philiphil/restman/serializer/serialize.go:40.78,43.16 3 0
github.com/philiphil/restman/serializer/serialize.go:43.16,45.3 1 0
github.com/philiphil/restman/serializer/serialize.go:46.2,46.30 1 0
github.com/philiphil/restman/serializer/serialize.go:49.78,53.35 3 0
github.com/philiphil/restman/serializer/serialize.go:53.35,55.3 1 0
github.com/philiphil/restman/serializer/serialize.go:57.2,60.35 3 0
github.com/philiphil/restman/serializer/serialize.go:60.35,66.13 4 0
github.com/philiphil/restman/serializer/serialize.go:66.13,67.46 1 0
github.com/philiphil/restman/serializer/serialize.go:67.46,69.46 2 0
github.com/philiphil/restman/serializer/serialize.go:69.46,71.6 1 0
github.com/philiphil/restman/serializer/serialize.go:73.4,73.31 1 0
github.com/philiphil/restman/serializer/serialize.go:76.3,76.45 1 0
github.com/philiphil/restman/serializer/serialize.go:76.45,78.65 2 0
github.com/philiphil/restman/serializer/serialize.go:78.65,80.5 1 0
github.com/philiphil/restman/serializer/serialize.go:83.3,83.27 1 0
github.com/philiphil/restman/serializer/serialize.go:86.2,87.16 2 0
github.com/philiphil/restman/serializer/serialize.go:87.16,89.3 1 0
github.com/philiphil/restman/serializer/serialize.go:91.2,91.30 1 0
github.com/philiphil/restman/serializer/serialize.go:94.56,98.16 4 0
github.com/philiphil/restman/serializer/serialize.go:98.16,100.3 1 0
github.com/philiphil/restman/serializer/serialize.go:101.2,102.39 2 0
github.com/philiphil/restman/serializer/serialize.go:102.39,104.3 1 0
github.com/philiphil/restman/serializer/serialize.go:105.2,105.33 1 0
github.com/philiphil/restman/serializer/serializer.go:16.54,18.2 1 1
github.com/philiphil/restman/serializer/filter/assign_field_value.go:8.99,9.23 1 1
github.com/philiphil/restman/serializer/filter/assign_field_value.go:9.23,11.3 1 1
github.com/philiphil/restman/serializer/filter/assign_field_value.go:12.2,12.79 1 1
github.com/philiphil/restman/serializer/filter/assign_field_value.go:12.79,14.3 1 1
github.com/philiphil/restman/serializer/filter/assign_field_value.go:14.8,14.130 1 0
github.com/philiphil/restman/serializer/filter/assign_field_value.go:14.130,18.3 3 0
github.com/philiphil/restman/serializer/filter/assign_field_value.go:18.8,18.38 1 0
github.com/philiphil/restman/serializer/filter/assign_field_value.go:18.38,20.45 2 0
github.com/philiphil/restman/serializer/filter/assign_field_value.go:20.45,22.50 2 0
github.com/philiphil/restman/serializer/filter/assign_field_value.go:22.50,29.82 5 0
github.com/philiphil/restman/serializer/filter/assign_field_value.go:29.82,31.6 1 0
github.com/philiphil/restman/serializer/filter/assign_field_value.go:31.11,33.6 1 0
github.com/philiphil/restman/serializer/filter/assign_field_value.go:36.4,36.37 1 0
github.com/philiphil/restman/serializer/filter/assign_field_value.go:37.9,40.4 1 0
github.com/philiphil/restman/serializer/filter/assign_field_value.go:41.8,42.55 1 0
github.com/philiphil/restman/serializer/filter/assign_field_value.go:42.55,44.14 2 0
github.com/philiphil/restman/serializer/filter/assign_field_value.go:46.3,46.52 1 0
github.com/philiphil/restman/serializer/filter/field_utils.go:8.71,9.22 1 1
github.com/philiphil/restman/serializer/filter/field_utils.go:9.22,11.3 1 1
github.com/philiphil/restman/serializer/filter/field_utils.go:13.2,14.15 2 0
github.com/philiphil/restman/serializer/filter/field_utils.go:14.15,16.3 1 0
github.com/philiphil/restman/serializer/filter/field_utils.go:18.2,19.31 2 0
github.com/philiphil/restman/serializer/filter/field_utils.go:19.31,20.31 1 0
github.com/philiphil/restman/serializer/filter/field_utils.go:20.31,21.18 1 0
github.com/philiphil/restman/serializer/filter/field_utils.go:21.18,23.5 1 0
github.com/philiphil/restman/serializer/filter/field_utils.go:27.2,27.14 1 0
github.com/philiphil/restman/serializer/filter/field_utils.go:30.54,32.2 1 1
github.com/philiphil/restman/serializer/filter/field_utils.go:34.36,36.2 1 1
github.com/philiphil/restman/serializer/filter/field_utils.go:38.34,40.2 1 0
github.com/philiphil/restman/serializer/filter/field_utils.go:42.33,44.2 1 0
github.com/philiphil/restman/serializer/filter/field_utils.go:46.50,48.2 1 1
github.com/philiphil/restman/serializer/filter/field_utils.go:50.67,51.33 1 1
github.com/philiphil/restman/serializer/filter/field_utils.go:51.33,53.3 1 1
github.com/philiphil/restman/serializer/filter/field_utils.go:54.2,54.14 1 1
github.com/philiphil/restman/serializer/filter/field_utils.go:57.60,58.29 1 1
github.com/philiphil/restman/serializer/filter/field_utils.go:58.29,60.3 1 1
github.com/philiphil/restman/serializer/filter/field_utils.go:61.2,61.10 1 1
github.com/philiphil/restman/serializer/filter/filter.go:7.55,11.24 3 1
github.com/philiphil/restman/serializer/filter/filter.go:11.24,13.3 1 1
github.com/philiphil/restman/serializer/filter/filter.go:14.2,14.22 1 0
github.com/philiphil/restman/serializer/filter/filter.go:14.22,16.3 1 0
github.com/philiphil/restman/serializer/filter/filter.go:17.2,17.21 1 0
github.com/philiphil/restman/serializer/filter/filter.go:17.21,19.3 1 0
github.com/philiphil/restman/serializer/filter/filter.go:20.2,20.12 1 0
github.com/philiphil/restman/serializer/filter/filter_map.go:7.58,16.18 6 0
github.com/philiphil/restman/serializer/filter/filter_map.go:16.18,22.10 5 0
github.com/philiphil/restman/serializer/filter/filter_map.go:22.10,24.4 1 0
github.com/philiphil/restman/serializer/filter/filter_map.go:26.3,26.60 1 0
github.com/philiphil/restman/serializer/filter/filter_map.go:26.60,28.4 1 0
github.com/philiphil/restman/serializer/filter/filter_map.go:28.9,35.4 4 0
github.com/philiphil/restman/serializer/filter/filter_map.go:38.2,38.33 1 0
github.com/philiphil/restman/serializer/filter/filter_slice.go:7.60,10.22 2 0
github.com/philiphil/restman/serializer/filter/filter_slice.go:10.22,12.3 1 0
github.com/philiphil/restman/serializer/filter/filter_slice.go:14.2,20.35 4 0
github.com/philiphil/restman/serializer/filter/filter_slice.go:20.35,24.3 3 0
github.com/philiphil/restman/serializer/filter/filter_slice.go:25.2,25.33 1 0
github.com/philiphil/restman/serializer/filter/filter_struct.go:7.61,11.36 3 1
github.com/philiphil/restman/serializer/filter/filter_struct.go:11.36,12.20 1 1
github.com/philiphil/restman/serializer/filter/filter_struct.go:12.20,14.4 1 0
github.com/philiphil/restman/serializer/filter/filter_struct.go:15.3,16.43 2 1
github.com/philiphil/restman/serializer/filter/filter_struct.go:19.2,21.21 2 1
github.com/philiphil/restman/serializer/filter/filter_struct.go:21.21,22.35 1 1
github.com/philiphil/restman/serializer/filter/filter_struct.go:22.35,24.64 2 1
github.com/philiphil/restman/serializer/filter/filter_struct.go:24.64,27.52 2 1
github.com/philiphil/restman/serializer/filter/filter_struct.go:27.52,34.6 2 0
github.com/philiphil/restman/serializer/filter/filter_struct.go:34.11,36.6 1 1
github.com/philiphil/restman/serializer/filter/filter_struct.go:39.3,40.52 2 1
github.com/philiphil/restman/serializer/filter/filter_struct.go:43.2,46.34 3 1
github.com/philiphil/restman/serializer/filter/filter_struct.go:46.34,51.3 4 1
github.com/philiphil/restman/serializer/filter/filter_struct.go:53.2,53.33 1 1
github.com/philiphil/restman/serializer/filter/filter_struct.go:56.89,61.40 3 1
github.com/philiphil/restman/serializer/filter/filter_struct.go:61.40,65.25 3 1
github.com/philiphil/restman/serializer/filter/filter_struct.go:65.25,68.46 2 1
github.com/philiphil/restman/serializer/filter/filter_struct.go:68.46,70.83 2 1
github.com/philiphil/restman/serializer/filter/filter_struct.go:70.83,76.6 1 1
github.com/philiphil/restman/serializer/filter/filter_struct.go:81.2,81.24 1 1
